This file contains any messages produced by compilers while
running configure, to aid debugging if configure makes a mistake.

It was created by OpenEXR configure 2.0.0, which was
generated by GNU Autoconf 2.59.  Invocation command line was

  $ ./configure 

## --------- ##
## Platform. ##
## --------- ##

hostname = Macintosh-113.local
uname -m = x86_64
uname -r = 13.2.0
uname -s = Darwin
uname -v = Darwin Kernel Version 13.2.0: Thu Apr 17 23:03:13 PDT 2014; root:xnu-2422.100.13~1/RELEASE_X86_64

/usr/bin/uname -p = i386
/bin/uname -X     = unknown

/bin/arch              = unknown
/usr/bin/arch -k       = unknown
/usr/convex/getsysinfo = unknown
hostinfo               = Mach kernel version:
	 Darwin Kernel Version 13.2.0: Thu Apr 17 23:03:13 PDT 2014; root:xnu-2422.100.13~1/RELEASE_X86_64
Kernel configured for up to 4 processors.
2 processors are physically available.
4 processors are logically available.
Processor type: i486 (Intel 80486)
Processors active: 0 1 2 3
Primary memory available: 4.00 gigabytes
Default processor set: 170 tasks, 917 threads, 4 processors
Load average: 2.30, Mach factor: 2.07
/bin/machine           = unknown
/usr/bin/oslevel       = unknown
/bin/universe          = unknown

PATH: /opt/local/bin
PATH: /opt/local/sbin
PATH: /opt/local/bin
PATH: /opt/local/sbin
PATH: /opt/local/bin
PATH: /opt/local/sbin
PATH: /usr/bin
PATH: /bin
PATH: /usr/sbin
PATH: /sbin
PATH: /usr/local/bin
PATH: /opt/X11/bin
PATH: /usr/local/git/bin
PATH: /usr/texbin
PATH: /Users/HPH/.rvm/bin


## ----------- ##
## Core tests. ##
## ----------- ##

configure:1584: checking build system type
configure:1602: result: i686-apple-darwin13.2.0
configure:1610: checking host system type
configure:1624: result: i686-apple-darwin13.2.0
configure:1649: checking for a BSD-compatible install
configure:1704: result: /usr/bin/install -c
configure:1715: checking whether build environment is sane
configure:1758: result: yes
configure:1823: checking for gawk
configure:1852: result: no
configure:1823: checking for mawk
configure:1852: result: no
configure:1823: checking for nawk
configure:1852: result: no
configure:1823: checking for awk
configure:1839: found /usr/bin/awk
configure:1849: result: awk
configure:1859: checking whether make sets $(MAKE)
configure:1879: result: yes
configure:2046: checking whether to enable maintainer-specific portions of Makefiles
configure:2055: result: no
configure:2130: checking for g++
configure:2146: found /usr/bin/g++
configure:2156: result: g++
configure:2172: checking for C++ compiler version
configure:2175: g++ --version </dev/null >&5
Configured with: --prefix=/Applications/Xcode.app/Contents/Developer/usr --with-gxx-include-dir=/Applications/Xcode.app/Contents/Developer/Platforms/MacOSX.platform/Developer/SDKs/MacOSX10.9.sdk/usr/include/c++/4.2.1
Apple LLVM version 5.1 (clang-503.0.40) (based on LLVM 3.4svn)
Target: x86_64-apple-darwin13.2.0
Thread model: posix
configure:2178: $? = 0
configure:2180: g++ -v </dev/null >&5
Configured with: --prefix=/Applications/Xcode.app/Contents/Developer/usr --with-gxx-include-dir=/Applications/Xcode.app/Contents/Developer/Platforms/MacOSX.platform/Developer/SDKs/MacOSX10.9.sdk/usr/include/c++/4.2.1
Apple LLVM version 5.1 (clang-503.0.40) (based on LLVM 3.4svn)
Target: x86_64-apple-darwin13.2.0
Thread model: posix
configure:2183: $? = 0
configure:2185: g++ -V </dev/null >&5
clang: error: argument to '-V' is missing (expected 1 value)
clang: error: no input files
configure:2188: $? = 1
configure:2211: checking for C++ compiler default output file name
configure:2214: g++    conftest.cc  >&5
configure:2217: $? = 0
configure:2263: result: a.out
configure:2268: checking whether the C++ compiler works
configure:2274: ./a.out
configure:2277: $? = 0
configure:2294: result: yes
configure:2301: checking whether we are cross compiling
configure:2303: result: no
configure:2306: checking for suffix of executables
configure:2308: g++ -o conftest    conftest.cc  >&5
configure:2311: $? = 0
configure:2336: result: 
configure:2342: checking for suffix of object files
configure:2363: g++ -c   conftest.cc >&5
configure:2366: $? = 0
configure:2388: result: o
configure:2392: checking whether we are using the GNU C++ compiler
configure:2416: g++ -c   conftest.cc >&5
configure:2422: $? = 0
configure:2426: test -z 
			 || test ! -s conftest.err
configure:2429: $? = 0
configure:2432: test -s conftest.o
configure:2435: $? = 0
configure:2448: result: yes
configure:2454: checking whether g++ accepts -g
configure:2475: g++ -c -g  conftest.cc >&5
configure:2481: $? = 0
configure:2485: test -z 
			 || test ! -s conftest.err
configure:2488: $? = 0
configure:2491: test -s conftest.o
configure:2494: $? = 0
configure:2505: result: yes
configure:2547: g++ -c -g -O2  conftest.cc >&5
configure:2553: $? = 0
configure:2557: test -z 
			 || test ! -s conftest.err
configure:2560: $? = 0
configure:2563: test -s conftest.o
configure:2566: $? = 0
configure:2592: g++ -c -g -O2  conftest.cc >&5
conftest.cc:15:1: error: use of undeclared identifier 'exit'
exit (42);
^
1 error generated.
configure:2598: $? = 1
configure: failed program was:
| /* confdefs.h.  */
| 
| #define PACKAGE_NAME "OpenEXR"
| #define PACKAGE_TARNAME "openexr"
| #define PACKAGE_VERSION "2.0.0"
| #define PACKAGE_STRING "OpenEXR 2.0.0"
| #define PACKAGE_BUGREPORT ""
| #define PACKAGE "openexr"
| #define VERSION "2.0.0"
| /* end confdefs.h.  */
| 
| int
| main ()
| {
| exit (42);
|   ;
|   return 0;
| }
configure:2547: g++ -c -g -O2  conftest.cc >&5
conftest.cc:11:17: error: use of undeclared identifier 'std'
extern "C" void std::exit (int) throw (); using std::exit;
                ^
conftest.cc:11:49: error: use of undeclared identifier 'std'
extern "C" void std::exit (int) throw (); using std::exit;
                                                ^
2 errors generated.
configure:2553: $? = 1
configure: failed program was:
| /* confdefs.h.  */
| 
| #define PACKAGE_NAME "OpenEXR"
| #define PACKAGE_TARNAME "openexr"
| #define PACKAGE_VERSION "2.0.0"
| #define PACKAGE_STRING "OpenEXR 2.0.0"
| #define PACKAGE_BUGREPORT ""
| #define PACKAGE "openexr"
| #define VERSION "2.0.0"
| /* end confdefs.h.  */
| extern "C" void std::exit (int) throw (); using std::exit;
| #include <stdlib.h>
| int
| main ()
| {
| exit (42);
|   ;
|   return 0;
| }
configure:2547: g++ -c -g -O2  conftest.cc >&5
conftest.cc:11:17: error: use of undeclared identifier 'std'
extern "C" void std::exit (int); using std::exit;
                ^
conftest.cc:11:40: error: use of undeclared identifier 'std'
extern "C" void std::exit (int); using std::exit;
                                       ^
2 errors generated.
configure:2553: $? = 1
configure: failed program was:
| /* confdefs.h.  */
| 
| #define PACKAGE_NAME "OpenEXR"
| #define PACKAGE_TARNAME "openexr"
| #define PACKAGE_VERSION "2.0.0"
| #define PACKAGE_STRING "OpenEXR 2.0.0"
| #define PACKAGE_BUGREPORT ""
| #define PACKAGE "openexr"
| #define VERSION "2.0.0"
| /* end confdefs.h.  */
| extern "C" void std::exit (int); using std::exit;
| #include <stdlib.h>
| int
| main ()
| {
| exit (42);
|   ;
|   return 0;
| }
configure:2547: g++ -c -g -O2  conftest.cc >&5
configure:2553: $? = 0
configure:2557: test -z 
			 || test ! -s conftest.err
configure:2560: $? = 0
configure:2563: test -s conftest.o
configure:2566: $? = 0
configure:2592: g++ -c -g -O2  conftest.cc >&5
configure:2598: $? = 0
configure:2602: test -z 
			 || test ! -s conftest.err
configure:2605: $? = 0
configure:2608: test -s conftest.o
configure:2611: $? = 0
configure:2645: checking for style of include used by make
configure:2673: result: GNU
configure:2701: checking dependency style of g++
configure:2791: result: gcc3
configure:2821: checking for a BSD-compatible install
configure:2876: result: /usr/bin/install -c
configure:2933: checking for gcc
configure:2949: found /usr/bin/gcc
configure:2959: result: gcc
configure:3203: checking for C compiler version
configure:3206: gcc --version </dev/null >&5
Configured with: --prefix=/Applications/Xcode.app/Contents/Developer/usr --with-gxx-include-dir=/Applications/Xcode.app/Contents/Developer/Platforms/MacOSX.platform/Developer/SDKs/MacOSX10.9.sdk/usr/include/c++/4.2.1
Apple LLVM version 5.1 (clang-503.0.40) (based on LLVM 3.4svn)
Target: x86_64-apple-darwin13.2.0
Thread model: posix
configure:3209: $? = 0
configure:3211: gcc -v </dev/null >&5
Configured with: --prefix=/Applications/Xcode.app/Contents/Developer/usr --with-gxx-include-dir=/Applications/Xcode.app/Contents/Developer/Platforms/MacOSX.platform/Developer/SDKs/MacOSX10.9.sdk/usr/include/c++/4.2.1
Apple LLVM version 5.1 (clang-503.0.40) (based on LLVM 3.4svn)
Target: x86_64-apple-darwin13.2.0
Thread model: posix
configure:3214: $? = 0
configure:3216: gcc -V </dev/null >&5
clang: error: argument to '-V' is missing (expected 1 value)
clang: error: no input files
configure:3219: $? = 1
configure:3222: checking whether we are using the GNU C compiler
configure:3246: gcc -c   conftest.c >&5
configure:3252: $? = 0
configure:3256: test -z 
			 || test ! -s conftest.err
configure:3259: $? = 0
configure:3262: test -s conftest.o
configure:3265: $? = 0
configure:3278: result: yes
configure:3284: checking whether gcc accepts -g
configure:3305: gcc -c -g  conftest.c >&5
configure:3311: $? = 0
configure:3315: test -z 
			 || test ! -s conftest.err
configure:3318: $? = 0
configure:3321: test -s conftest.o
configure:3324: $? = 0
configure:3335: result: yes
configure:3352: checking for gcc option to accept ANSI C
configure:3422: gcc  -c -g -O2  conftest.c >&5
configure:3428: $? = 0
configure:3432: test -z 
			 || test ! -s conftest.err
configure:3435: $? = 0
configure:3438: test -s conftest.o
configure:3441: $? = 0
configure:3459: result: none needed
configure:3477: gcc -c -g -O2  conftest.c >&5
conftest.c:2:3: error: unknown type name 'choke'
  choke me
  ^
conftest.c:2:11: error: expected ';' after top level declarator
  choke me
          ^
          ;
2 errors generated.
configure:3483: $? = 1
configure: failed program was:
| #ifndef __cplusplus
|   choke me
| #endif
configure:3618: checking dependency style of gcc
configure:3708: result: gcc3
configure:3725: checking whether ln -s works
configure:3729: result: yes
configure:3808: checking for a sed that does not truncate output
configure:3864: result: /usr/bin/sed
configure:3867: checking for egrep
configure:3877: result: grep -E
configure:3893: checking for ld used by gcc
configure:3960: result: /Applications/Xcode.app/Contents/Developer/Toolchains/XcodeDefault.xctoolchain/usr/bin/ld
configure:3969: checking if the linker (/Applications/Xcode.app/Contents/Developer/Toolchains/XcodeDefault.xctoolchain/usr/bin/ld) is GNU ld
configure:3984: result: no
configure:3989: checking for /Applications/Xcode.app/Contents/Developer/Toolchains/XcodeDefault.xctoolchain/usr/bin/ld option to reload object files
configure:3996: result: -r
configure:4014: checking for BSD-compatible nm
configure:4063: result: /usr/bin/nm
configure:4067: checking how to recognise dependent libraries
configure:4243: result: pass_all
configure:4480: checking how to run the C preprocessor
configure:4515: gcc -E  conftest.c
configure:4521: $? = 0
configure:4553: gcc -E  conftest.c
conftest.c:14:10: fatal error: 'ac_nonexistent.h' file not found
#include <ac_nonexistent.h>
         ^
1 error generated.
configure:4559: $? = 1
configure: failed program was:
| /* confdefs.h.  */
| 
| #define PACKAGE_NAME "OpenEXR"
| #define PACKAGE_TARNAME "openexr"
| #define PACKAGE_VERSION "2.0.0"
| #define PACKAGE_STRING "OpenEXR 2.0.0"
| #define PACKAGE_BUGREPORT ""
| #define PACKAGE "openexr"
| #define VERSION "2.0.0"
| #ifdef __cplusplus
| extern "C" void exit (int) throw ();
| #endif
| /* end confdefs.h.  */
| #include <ac_nonexistent.h>
configure:4598: result: gcc -E
configure:4622: gcc -E  conftest.c
configure:4628: $? = 0
configure:4660: gcc -E  conftest.c
conftest.c:14:10: fatal error: 'ac_nonexistent.h' file not found
#include <ac_nonexistent.h>
         ^
1 error generated.
configure:4666: $? = 1
configure: failed program was:
| /* confdefs.h.  */
| 
| #define PACKAGE_NAME "OpenEXR"
| #define PACKAGE_TARNAME "openexr"
| #define PACKAGE_VERSION "2.0.0"
| #define PACKAGE_STRING "OpenEXR 2.0.0"
| #define PACKAGE_BUGREPORT ""
| #define PACKAGE "openexr"
| #define VERSION "2.0.0"
| #ifdef __cplusplus
| extern "C" void exit (int) throw ();
| #endif
| /* end confdefs.h.  */
| #include <ac_nonexistent.h>
configure:4710: checking for ANSI C header files
configure:4735: gcc -c -g -O2  conftest.c >&5
configure:4741: $? = 0
configure:4745: test -z 
			 || test ! -s conftest.err
configure:4748: $? = 0
configure:4751: test -s conftest.o
configure:4754: $? = 0
configure:4843: gcc -o conftest -g -O2   conftest.c  >&5
conftest.c:31:7: warning: implicitly declaring library function 'exit' with type 'void (int) __attribute__((noreturn))'
      exit(2);
      ^
conftest.c:31:7: note: please include the header <stdlib.h> or explicitly provide a declaration for 'exit'
1 warning generated.
configure:4846: $? = 0
configure:4848: ./conftest
configure:4851: $? = 0
configure:4866: result: yes
configure:4890: checking for sys/types.h
configure:4906: gcc -c -g -O2  conftest.c >&5
configure:4912: $? = 0
configure:4916: test -z 
			 || test ! -s conftest.err
configure:4919: $? = 0
configure:4922: test -s conftest.o
configure:4925: $? = 0
configure:4936: result: yes
configure:4890: checking for sys/stat.h
configure:4906: gcc -c -g -O2  conftest.c >&5
configure:4912: $? = 0
configure:4916: test -z 
			 || test ! -s conftest.err
configure:4919: $? = 0
configure:4922: test -s conftest.o
configure:4925: $? = 0
configure:4936: result: yes
configure:4890: checking for stdlib.h
configure:4906: gcc -c -g -O2  conftest.c >&5
configure:4912: $? = 0
configure:4916: test -z 
			 || test ! -s conftest.err
configure:4919: $? = 0
configure:4922: test -s conftest.o
configure:4925: $? = 0
configure:4936: result: yes
configure:4890: checking for string.h
configure:4906: gcc -c -g -O2  conftest.c >&5
configure:4912: $? = 0
configure:4916: test -z 
			 || test ! -s conftest.err
configure:4919: $? = 0
configure:4922: test -s conftest.o
configure:4925: $? = 0
configure:4936: result: yes
configure:4890: checking for memory.h
configure:4906: gcc -c -g -O2  conftest.c >&5
configure:4912: $? = 0
configure:4916: test -z 
			 || test ! -s conftest.err
configure:4919: $? = 0
configure:4922: test -s conftest.o
configure:4925: $? = 0
configure:4936: result: yes
configure:4890: checking for strings.h
configure:4906: gcc -c -g -O2  conftest.c >&5
configure:4912: $? = 0
configure:4916: test -z 
			 || test ! -s conftest.err
configure:4919: $? = 0
configure:4922: test -s conftest.o
configure:4925: $? = 0
configure:4936: result: yes
configure:4890: checking for inttypes.h
configure:4906: gcc -c -g -O2  conftest.c >&5
configure:4912: $? = 0
configure:4916: test -z 
			 || test ! -s conftest.err
configure:4919: $? = 0
configure:4922: test -s conftest.o
configure:4925: $? = 0
configure:4936: result: yes
configure:4890: checking for stdint.h
configure:4906: gcc -c -g -O2  conftest.c >&5
configure:4912: $? = 0
configure:4916: test -z 
			 || test ! -s conftest.err
configure:4919: $? = 0
configure:4922: test -s conftest.o
configure:4925: $? = 0
configure:4936: result: yes
configure:4890: checking for unistd.h
configure:4906: gcc -c -g -O2  conftest.c >&5
configure:4912: $? = 0
configure:4916: test -z 
			 || test ! -s conftest.err
configure:4919: $? = 0
configure:4922: test -s conftest.o
configure:4925: $? = 0
configure:4936: result: yes
configure:4962: checking dlfcn.h usability
configure:4974: gcc -c -g -O2  conftest.c >&5
configure:4980: $? = 0
configure:4984: test -z 
			 || test ! -s conftest.err
configure:4987: $? = 0
configure:4990: test -s conftest.o
configure:4993: $? = 0
configure:5003: result: yes
configure:5007: checking dlfcn.h presence
configure:5017: gcc -E  conftest.c
configure:5023: $? = 0
configure:5043: result: yes
configure:5078: checking for dlfcn.h
configure:5085: result: yes
configure:5108: checking how to run the C++ preprocessor
configure:5139: g++ -E  conftest.cc
configure:5145: $? = 0
configure:5177: g++ -E  conftest.cc
conftest.cc:25:10: fatal error: 'ac_nonexistent.h' file not found
#include <ac_nonexistent.h>
         ^
1 error generated.
configure:5183: $? = 1
configure: failed program was:
| /* confdefs.h.  */
| 
| #define PACKAGE_NAME "OpenEXR"
| #define PACKAGE_TARNAME "openexr"
| #define PACKAGE_VERSION "2.0.0"
| #define PACKAGE_STRING "OpenEXR 2.0.0"
| #define PACKAGE_BUGREPORT ""
| #define PACKAGE "openexr"
| #define VERSION "2.0.0"
| #ifdef __cplusplus
| extern "C" void exit (int) throw ();
| #endif
| #define STDC_HEADERS 1
| #define HAVE_SYS_TYPES_H 1
| #define HAVE_SYS_STAT_H 1
| #define HAVE_STDLIB_H 1
| #define HAVE_STRING_H 1
| #define HAVE_MEMORY_H 1
| #define HAVE_STRINGS_H 1
| #define HAVE_INTTYPES_H 1
| #define HAVE_STDINT_H 1
| #define HAVE_UNISTD_H 1
| #define HAVE_DLFCN_H 1
| /* end confdefs.h.  */
| #include <ac_nonexistent.h>
configure:5222: result: g++ -E
configure:5246: g++ -E  conftest.cc
configure:5252: $? = 0
configure:5284: g++ -E  conftest.cc
conftest.cc:25:10: fatal error: 'ac_nonexistent.h' file not found
#include <ac_nonexistent.h>
         ^
1 error generated.
configure:5290: $? = 1
configure: failed program was:
| /* confdefs.h.  */
| 
| #define PACKAGE_NAME "OpenEXR"
| #define PACKAGE_TARNAME "openexr"
| #define PACKAGE_VERSION "2.0.0"
| #define PACKAGE_STRING "OpenEXR 2.0.0"
| #define PACKAGE_BUGREPORT ""
| #define PACKAGE "openexr"
| #define VERSION "2.0.0"
| #ifdef __cplusplus
| extern "C" void exit (int) throw ();
| #endif
| #define STDC_HEADERS 1
| #define HAVE_SYS_TYPES_H 1
| #define HAVE_SYS_STAT_H 1
| #define HAVE_STDLIB_H 1
| #define HAVE_STRING_H 1
| #define HAVE_MEMORY_H 1
| #define HAVE_STRINGS_H 1
| #define HAVE_INTTYPES_H 1
| #define HAVE_STDINT_H 1
| #define HAVE_UNISTD_H 1
| #define HAVE_DLFCN_H 1
| /* end confdefs.h.  */
| #include <ac_nonexistent.h>
configure:5387: checking for g77
configure:5416: result: no
configure:5387: checking for f77
configure:5416: result: no
configure:5387: checking for xlf
configure:5416: result: no
configure:5387: checking for frt
configure:5416: result: no
configure:5387: checking for pgf77
configure:5416: result: no
configure:5387: checking for fort77
configure:5416: result: no
configure:5387: checking for fl32
configure:5416: result: no
configure:5387: checking for af77
configure:5416: result: no
configure:5387: checking for f90
configure:5416: result: no
configure:5387: checking for xlf90
configure:5416: result: no
configure:5387: checking for pgf90
configure:5416: result: no
configure:5387: checking for epcf90
configure:5416: result: no
configure:5387: checking for f95
configure:5416: result: no
configure:5387: checking for fort
configure:5416: result: no
configure:5387: checking for xlf95
configure:5416: result: no
configure:5387: checking for ifc
configure:5416: result: no
configure:5387: checking for efc
configure:5416: result: no
configure:5387: checking for pgf95
configure:5416: result: no
configure:5387: checking for lf95
configure:5416: result: no
configure:5387: checking for gfortran
configure:5416: result: no
configure:5428: checking for Fortran 77 compiler version
configure:5431:  --version </dev/null >&5
./configure: line 5432: --version: command not found
configure:5434: $? = 127
configure:5436:  -v </dev/null >&5
./configure: line 5437: -v: command not found
configure:5439: $? = 127
configure:5441:  -V </dev/null >&5
./configure: line 5442: -V: command not found
configure:5444: $? = 127
configure:5452: checking whether we are using the GNU Fortran 77 compiler
configure:5466:  -c  conftest.F >&5
./configure: line 5467: -c: command not found
configure:5472: $? = 127
configure: failed program was:
|       program main
| #ifndef __GNUC__
|        choke me
| #endif
| 
|       end
configure:5498: result: no
configure:5504: checking whether  accepts -g
configure:5516:  -c -g conftest.f >&5
./configure: line 5517: -c: command not found
configure:5522: $? = 127
configure: failed program was:
|       program main
| 
|       end
configure:5547: result: no
configure:5577: checking the maximum length of command line arguments
configure:5686: result: 196608
configure:5697: checking command to parse /usr/bin/nm output from gcc object
configure:5802: gcc -c -g -O2  conftest.c >&5
configure:5805: $? = 0
configure:5809: /usr/bin/nm conftest.o \| sed -n -e 's/^.*[ 	]\([BCDEGRST][BCDEGRST]*\)[ 	][ 	]*\([_A-Za-z][_A-Za-z0-9]*\)$/\1 \2 \2/p' \> conftest.nm
configure:5812: $? = 0
cannot find nm_test_var in conftest.nm
configure:5802: gcc -c -g -O2  conftest.c >&5
configure:5805: $? = 0
configure:5809: /usr/bin/nm conftest.o \| sed -n -e 's/^.*[ 	]\([BCDEGRST][BCDEGRST]*\)[ 	][ 	]*_\([_A-Za-z][_A-Za-z0-9]*\)$/\1 _\2 \2/p' \> conftest.nm
configure:5812: $? = 0
configure:5864: gcc -o conftest -g -O2   conftest.c conftstm.o >&5
configure:5867: $? = 0
configure:5905: result: ok
configure:5909: checking for objdir
configure:5924: result: .libs
configure:6014: checking for ar
configure:6030: found /usr/bin/ar
configure:6041: result: ar
configure:6094: checking for ranlib
configure:6110: found /usr/bin/ranlib
configure:6121: result: ranlib
configure:6174: checking for strip
configure:6190: found /usr/bin/strip
configure:6201: result: strip
configure:6473: checking if gcc supports -fno-rtti -fno-exceptions
configure:6491: gcc -c -g -O2  -fno-rtti -fno-exceptions conftest.c >&5
configure:6495: $? = 0
configure:6508: result: yes
configure:6523: checking for gcc option to produce PIC
configure:6733: result: -fno-common
configure:6741: checking if gcc PIC flag -fno-common works
configure:6759: gcc -c -g -O2  -fno-common -DPIC conftest.c >&5
configure:6763: $? = 0
configure:6776: result: yes
configure:6804: checking if gcc static flag -static works
configure:6832: result: no
configure:6842: checking if gcc supports -c -o file.o
configure:6863: gcc -c -g -O2  -o out/conftest2.o conftest.c >&5
configure:6867: $? = 0
configure:6889: result: yes
configure:6915: checking whether the gcc linker (/Applications/Xcode.app/Contents/Developer/Toolchains/XcodeDefault.xctoolchain/usr/bin/ld) supports shared libraries
configure:7873: result: yes
configure:7940: checking dynamic linker characteristics
configure:8549: result: darwin13.2.0 dyld
configure:8558: checking how to hardcode library paths into programs
configure:8583: result: immediate
configure:8597: checking whether stripping libraries is possible
configure:8610: result: yes
configure:9436: checking if libtool supports shared libraries
configure:9438: result: yes
configure:9441: checking whether to build shared libraries
configure:9462: result: yes
configure:9465: checking whether to build static libraries
configure:9469: result: yes
configure:9561: creating libtool
configure:10152: checking for ld used by g++
configure:10219: result: /Applications/Xcode.app/Contents/Developer/Toolchains/XcodeDefault.xctoolchain/usr/bin/ld
configure:10228: checking if the linker (/Applications/Xcode.app/Contents/Developer/Toolchains/XcodeDefault.xctoolchain/usr/bin/ld) is GNU ld
configure:10243: result: no
configure:10294: checking whether the g++ linker (/Applications/Xcode.app/Contents/Developer/Toolchains/XcodeDefault.xctoolchain/usr/bin/ld) supports shared libraries
configure:11232: result: yes
configure:11250: g++ -c -g -O2  conftest.cpp >&5
configure:11253: $? = 0
configure:11372: checking for g++ option to produce PIC
configure:11646: result: -fno-common
configure:11654: checking if g++ PIC flag -fno-common works
configure:11672: g++ -c -g -O2  -fno-common -DPIC conftest.cpp >&5
configure:11676: $? = 0
configure:11689: result: yes
configure:11717: checking if g++ static flag -static works
configure:11745: result: no
configure:11755: checking if g++ supports -c -o file.o
configure:11776: g++ -c -g -O2  -o out/conftest2.o conftest.cpp >&5
configure:11780: $? = 0
configure:11802: result: yes
configure:11828: checking whether the g++ linker (/Applications/Xcode.app/Contents/Developer/Toolchains/XcodeDefault.xctoolchain/usr/bin/ld) supports shared libraries
configure:11853: result: yes
configure:11920: checking dynamic linker characteristics
configure:12529: result: darwin13.2.0 dyld
configure:12538: checking how to hardcode library paths into programs
configure:12563: result: immediate
configure:18767: checking whether make sets $(MAKE)
configure:18787: result: yes
configure:18840: checking for pkg-config
configure:18858: found /usr/local/bin/pkg-config
configure:18871: result: /usr/local/bin/pkg-config
configure:19836: checking for IlmBase
configure:19877: g++ -o conftest -g -O2 -D_THREAD_SAFE -I/usr/local/include/OpenEXR    -L/usr/local/lib  conftest.cc  -L/usr/local/lib -lImath -lHalf -lIex -lIexMath -lIlmThread  >&5
configure:19880: $? = 0
configure:19882: ./conftest
configure:19885: $? = 0
configure:19900: result: yes
configure:19902: result: Compiled and ran IlmBase test program.
configure:20078: checking for ANSI C header files
configure:20234: result: yes
configure:20259: checking limits.h usability
configure:20271: gcc -c -g -O2  conftest.c >&5
configure:20277: $? = 0
configure:20281: test -z 
			 || test ! -s conftest.err
configure:20284: $? = 0
configure:20287: test -s conftest.o
configure:20290: $? = 0
configure:20300: result: yes
configure:20304: checking limits.h presence
configure:20314: gcc -E  conftest.c
configure:20320: $? = 0
configure:20340: result: yes
configure:20375: checking for limits.h
configure:20382: result: yes
configure:20250: checking for unistd.h
configure:20255: result: yes
configure:20396: checking for an ANSI C-conforming const
configure:20463: gcc -c -g -O2  conftest.c >&5
configure:20469: $? = 0
configure:20473: test -z 
			 || test ! -s conftest.err
configure:20476: $? = 0
configure:20479: test -s conftest.o
configure:20482: $? = 0
configure:20493: result: yes
configure:20503: checking for inline
configure:20524: gcc -c -g -O2  conftest.c >&5
configure:20530: $? = 0
configure:20534: test -z 
			 || test ! -s conftest.err
configure:20537: $? = 0
configure:20540: test -s conftest.o
configure:20543: $? = 0
configure:20555: result: inline
configure:20574: checking for size_t
configure:20598: gcc -c -g -O2  conftest.c >&5
configure:20604: $? = 0
configure:20608: test -z 
			 || test ! -s conftest.err
configure:20611: $? = 0
configure:20614: test -s conftest.o
configure:20617: $? = 0
configure:20628: result: yes
configure:20641: checking for compress in -lz
configure:20671: gcc -o conftest -g -O2   conftest.c -lz   >&5
configure:20677: $? = 0
configure:20681: test -z 
			 || test ! -s conftest.err
configure:20684: $? = 0
configure:20687: test -s conftest
configure:20690: $? = 0
configure:20703: result: yes
configure:20733: checking for complete iomanip support in C++ standard library
configure:20763: g++ -c -g -O2  conftest.cc >&5
conftest.cc:39:2: warning: expression result unused [-Wunused-value]
        std::right;
        ^~~~~~~~~~
1 warning generated.
configure:20769: $? = 0
configure:20773: test -z 
			 || test ! -s conftest.err
configure:20776: $? = 0
configure:20779: test -s conftest.o
configure:20782: $? = 0
configure:20794: result: yes
configure:20804: checking for gcc optimization flags
configure:20824: gcc -c -g -O2 -pipe  conftest.c >&5
configure:20830: $? = 0
configure:20834: test -z 
			 || test ! -s conftest.err
configure:20837: $? = 0
configure:20840: test -s conftest.o
configure:20843: $? = 0
configure:20854: result: -pipe
configure:21246: creating ./config.status

## ---------------------- ##
## Running config.status. ##
## ---------------------- ##

This file was extended by OpenEXR config.status 2.0.0, which was
generated by GNU Autoconf 2.59.  Invocation command line was

  CONFIG_FILES    = 
  CONFIG_HEADERS  = 
  CONFIG_LINKS    = 
  CONFIG_COMMANDS = 
  $ ./config.status 

on Macintosh-113.local

config.status:759: creating Makefile
config.status:759: creating OpenEXR.pc
config.status:759: creating config/Makefile
config.status:759: creating IlmImf/Makefile
config.status:759: creating IlmImfTest/Makefile
config.status:759: creating IlmImfFuzzTest/Makefile
config.status:759: creating exrheader/Makefile
config.status:759: creating exrmaketiled/Makefile
config.status:759: creating IlmImfExamples/Makefile
config.status:759: creating doc/Makefile
config.status:759: creating exrstdattr/Makefile
config.status:759: creating exrmakepreview/Makefile
config.status:759: creating exrenvmap/Makefile
config.status:759: creating exrmultiview/Makefile
config.status:759: creating vc/Makefile
config.status:759: creating exrmultipart/Makefile
config.status:863: creating config/OpenEXRConfig.h
config.status:1177: executing depfiles commands
configure:22611: result:
---------------------------------------------
Summary for OpenEXR features:

build IlmImf example program                    no
build IlmImf damaged input resilience test      no
build IlmImf huge input test                    no
enable large stack optimizations                no
internal library namespace                      Imf_2_0
user-client namespace                           Imf
configure:22632: result:
---------------------------------------------


## ---------------- ##
## Cache variables. ##
## ---------------- ##

ac_cv_build=i686-apple-darwin13.2.0
ac_cv_build_alias=i686-apple-darwin13.2.0
ac_cv_c_compiler_gnu=yes
ac_cv_c_const=yes
ac_cv_c_inline=inline
ac_cv_cxx_compiler_gnu=yes
ac_cv_env_CC_set=
ac_cv_env_CC_value=
ac_cv_env_CFLAGS_set=
ac_cv_env_CFLAGS_value=
ac_cv_env_CPPFLAGS_set=
ac_cv_env_CPPFLAGS_value=
ac_cv_env_CPP_set=
ac_cv_env_CPP_value=
ac_cv_env_CXXCPP_set=
ac_cv_env_CXXCPP_value=
ac_cv_env_CXXFLAGS_set=
ac_cv_env_CXXFLAGS_value=
ac_cv_env_CXX_set=
ac_cv_env_CXX_value=
ac_cv_env_F77_set=
ac_cv_env_F77_value=
ac_cv_env_FFLAGS_set=
ac_cv_env_FFLAGS_value=
ac_cv_env_LDFLAGS_set=
ac_cv_env_LDFLAGS_value=
ac_cv_env_PKG_CONFIG_set=
ac_cv_env_PKG_CONFIG_value=
ac_cv_env_build_alias_set=
ac_cv_env_build_alias_value=
ac_cv_env_host_alias_set=
ac_cv_env_host_alias_value=
ac_cv_env_target_alias_set=
ac_cv_env_target_alias_value=
ac_cv_exeext=
ac_cv_f77_compiler_gnu=no
ac_cv_header_dlfcn_h=yes
ac_cv_header_inttypes_h=yes
ac_cv_header_limits_h=yes
ac_cv_header_memory_h=yes
ac_cv_header_stdc=yes
ac_cv_header_stdint_h=yes
ac_cv_header_stdlib_h=yes
ac_cv_header_string_h=yes
ac_cv_header_strings_h=yes
ac_cv_header_sys_stat_h=yes
ac_cv_header_sys_types_h=yes
ac_cv_header_unistd_h=yes
ac_cv_host=i686-apple-darwin13.2.0
ac_cv_host_alias=i686-apple-darwin13.2.0
ac_cv_lib_z_compress=yes
ac_cv_objext=o
ac_cv_path_PKG_CONFIG=/usr/local/bin/pkg-config
ac_cv_path_install='/usr/bin/install -c'
ac_cv_prog_AWK=awk
ac_cv_prog_CPP='gcc -E'
ac_cv_prog_CXXCPP='g++ -E'
ac_cv_prog_ac_ct_AR=ar
ac_cv_prog_ac_ct_CC=gcc
ac_cv_prog_ac_ct_CXX=g++
ac_cv_prog_ac_ct_RANLIB=ranlib
ac_cv_prog_ac_ct_STRIP=strip
ac_cv_prog_cc_g=yes
ac_cv_prog_cc_stdc=
ac_cv_prog_cxx_g=yes
ac_cv_prog_egrep='grep -E'
ac_cv_prog_f77_g=no
ac_cv_prog_make_make_set=yes
ac_cv_type_size_t=yes
am_cv_CC_dependencies_compiler_type=gcc3
am_cv_CXX_dependencies_compiler_type=gcc3
lt_cv_deplibs_check_method=pass_all
lt_cv_file_magic_cmd='$MAGIC_CMD'
lt_cv_file_magic_test_file=
lt_cv_ld_reload_flag=-r
lt_cv_objdir=.libs
lt_cv_path_LD=/Applications/Xcode.app/Contents/Developer/Toolchains/XcodeDefault.xctoolchain/usr/bin/ld
lt_cv_path_LDCXX=/Applications/Xcode.app/Contents/Developer/Toolchains/XcodeDefault.xctoolchain/usr/bin/ld
lt_cv_path_NM=/usr/bin/nm
lt_cv_path_SED=/usr/bin/sed
lt_cv_prog_compiler_c_o=yes
lt_cv_prog_compiler_c_o_CXX=yes
lt_cv_prog_compiler_rtti_exceptions=yes
lt_cv_prog_gnu_ld=no
lt_cv_prog_gnu_ldcxx=no
lt_cv_sys_global_symbol_pipe='sed -n -e '\''s/^.*[ 	]\([BCDEGRST][BCDEGRST]*\)[ 	][ 	]*_\([_A-Za-z][_A-Za-z0-9]*\)$/\1 _\2 \2/p'\'''
lt_cv_sys_global_symbol_to_c_name_address='sed -n -e '\''s/^: \([^ ]*\) $/  {\"\1\", (lt_ptr) 0},/p'\'' -e '\''s/^[BCDEGRST] \([^ ]*\) \([^ ]*\)$/  {"\2", (lt_ptr) \&\2},/p'\'''
lt_cv_sys_global_symbol_to_cdecl='sed -n -e '\''s/^. .* \(.*\)$/extern int \1;/p'\'''
lt_cv_sys_max_cmd_len=196608
lt_lt_cv_prog_compiler_c_o='"yes"'
lt_lt_cv_prog_compiler_c_o_CXX='"yes"'
lt_lt_cv_sys_global_symbol_pipe='"sed -n -e '\''s/^.*[ 	]\\([BCDEGRST][BCDEGRST]*\\)[ 	][ 	]*_\\([_A-Za-z][_A-Za-z0-9]*\\)\$/\\1 _\\2 \\2/p'\''"'
lt_lt_cv_sys_global_symbol_to_c_name_address='"sed -n -e '\''s/^: \\([^ ]*\\) \$/  {\\\"\\1\\\", (lt_ptr) 0},/p'\'' -e '\''s/^[BCDEGRST] \\([^ ]*\\) \\([^ ]*\\)\$/  {\"\\2\", (lt_ptr) \\&\\2},/p'\''"'
lt_lt_cv_sys_global_symbol_to_cdecl='"sed -n -e '\''s/^. .* \\(.*\\)\$/extern int \\1;/p'\''"'

## ----------------- ##
## Output variables. ##
## ----------------- ##

ACLOCAL='${SHELL} /Users/HPH/Documents/Farm/CS/148/Assignments_2014/hw2_all/openexr-2.0.0/missing --run aclocal-1.9'
AMDEPBACKSLASH='\'
AMDEP_FALSE='#'
AMDEP_TRUE=''
AMTAR='${SHELL} /Users/HPH/Documents/Farm/CS/148/Assignments_2014/hw2_all/openexr-2.0.0/missing --run tar'
AM_CFLAGS='-pipe'
AM_CXXFLAGS='-pipe'
AR='ar'
AUTOCONF='${SHELL} /Users/HPH/Documents/Farm/CS/148/Assignments_2014/hw2_all/openexr-2.0.0/missing --run autoconf'
AUTOHEADER='${SHELL} /Users/HPH/Documents/Farm/CS/148/Assignments_2014/hw2_all/openexr-2.0.0/missing --run autoheader'
AUTOMAKE='${SHELL} /Users/HPH/Documents/Farm/CS/148/Assignments_2014/hw2_all/openexr-2.0.0/missing --run automake-1.9'
AWK='awk'
BUILD_IMFEXAMPLES_FALSE=''
BUILD_IMFEXAMPLES_TRUE='#'
BUILD_IMFFUZZTEST_FALSE=''
BUILD_IMFFUZZTEST_TRUE='#'
BUILD_IMFHUGETEST_FALSE=''
BUILD_IMFHUGETEST_TRUE='#'
CC='gcc'
CCDEPMODE='depmode=gcc3'
CFLAGS='-g -O2'
CPP='gcc -E'
CPPFLAGS=''
CXX='g++'
CXXCPP='g++ -E'
CXXDEPMODE='depmode=gcc3'
CXXFLAGS='-g -O2'
CYGPATH_W='echo'
DEFS='-DHAVE_CONFIG_H'
DEPDIR='.deps'
ECHO='/bin/echo'
ECHO_C='ECHO_N=''
ECHO_T=''
EGREP='grep -E'
EXEEXT=''
F77=''
FFLAGS=''
ILMBASE_CXXFLAGS='-D_THREAD_SAFE -I/usr/local/include/OpenEXR '
ILMBASE_LDFLAGS='-L/usr/local/lib '
ILMBASE_LIBS='-L/usr/local/lib -lImath -lHalf -lIex -lIexMath -lIlmThread '
INSTALL_DATA='${INSTALL} -m 644'
INSTALL_PROGRAM='${INSTALL}'
INSTALL_SCRIPT='${INSTALL}'
INSTALL_STRIP_PROGRAM='${SHELL} $(install_sh) -c -s'
LDFLAGS=''
LIBOBJS=''
LIBS=''
LIBTOOL='$(SHELL) $(top_builddir)/libtool'
LIBTOOL_VERSION='20:0:0'
LIB_SUFFIX='Imf_2_0'
LIB_SUFFIX_DASH='-Imf_2_0'
LIB_SUFFIX_EXISTS_FALSE='#'
LIB_SUFFIX_EXISTS_TRUE=''
LN_S='ln -s'
LTLIBOBJS=''
MAINT='#'
MAINTAINER_MODE_FALSE=''
MAINTAINER_MODE_TRUE='#'
MAKEINFO='${SHELL} /Users/HPH/Documents/Farm/CS/148/Assignments_2014/hw2_all/openexr-2.0.0/missing --run makeinfo'
OBJEXT='o'
OPENEXR_VERSION='2.0.0'
OPENEXR_VERSION_API='2_0'
OPENEXR_VERSION_MAJOR='2'
OPENEXR_VERSION_MINOR='0'
OPENEXR_VERSION_PATCH='0'
PACKAGE='openexr'
PACKAGE_BUGREPORT=''
PACKAGE_NAME='OpenEXR'
PACKAGE_STRING='OpenEXR 2.0.0'
PACKAGE_TARNAME='openexr'
PACKAGE_VERSION='2.0.0'
PATH_SEPARATOR=':'
PKG_CONFIG='/usr/local/bin/pkg-config'
PTHREAD_CC=''
PTHREAD_CFLAGS=''
PTHREAD_LIBS=''
RANLIB='ranlib'
SED='/usr/bin/sed'
SET_MAKE=''
SHELL='/bin/sh'
STRIP='strip'
VERSION='2.0.0'
ac_ct_AR='ar'
ac_ct_CC='gcc'
ac_ct_CXX='g++'
ac_ct_F77=''
ac_ct_RANLIB='ranlib'
ac_ct_STRIP='strip'
acx_pthread_config=''
am__fastdepCC_FALSE='#'
am__fastdepCC_TRUE=''
am__fastdepCXX_FALSE='#'
am__fastdepCXX_TRUE=''
am__include='include'
am__leading_dot='.'
am__quote=''
am__tar='${AMTAR} chof - "$$tardir"'
am__untar='${AMTAR} xf -'
bindir='${exec_prefix}/bin'
build='i686-apple-darwin13.2.0'
build_alias=''
build_cpu='i686'
build_os='darwin13.2.0'
build_vendor='apple'
datadir='${prefix}/share'
exec_prefix='${prefix}'
host='i686-apple-darwin13.2.0'
host_alias=''
host_cpu='i686'
host_os='darwin13.2.0'
host_vendor='apple'
includedir='${prefix}/include'
infodir='${prefix}/info'
install_sh='/Users/HPH/Documents/Farm/CS/148/Assignments_2014/hw2_all/openexr-2.0.0/install-sh'
libdir='${exec_prefix}/lib'
libexecdir='${exec_prefix}/libexec'
localstatedir='${prefix}/var'
mandir='${prefix}/man'
mkdir_p='$(install_sh) -d'
oldincludedir='/usr/include'
prefix='/usr/local'
program_transform_name='s,x,x,'
sbindir='${exec_prefix}/sbin'
sharedstatedir='${prefix}/com'
sysconfdir='${prefix}/etc'
target_alias=''

## ----------- ##
## confdefs.h. ##
## ----------- ##

#define HAVE_DLFCN_H 1
#define HAVE_INTTYPES_H 1
#define HAVE_LIMITS_H 1
#define HAVE_MEMORY_H 1
#define HAVE_STDINT_H 1
#define HAVE_STDLIB_H 1
#define HAVE_STRINGS_H 1
#define HAVE_STRING_H 1
#define HAVE_SYS_STAT_H 1
#define HAVE_SYS_TYPES_H 1
#define HAVE_UNISTD_H 1
#define HAVE_UNISTD_H 1
#define OPENEXR_IMF_HAVE_COMPLETE_IOMANIP 1
#define OPENEXR_IMF_HAVE_DARWIN 1
#define OPENEXR_IMF_INTERNAL_NAMESPACE Imf_2_0
#define OPENEXR_IMF_INTERNAL_NAMESPACE_CUSTOM 1
#define OPENEXR_IMF_NAMESPACE Imf
#define OPENEXR_PACKAGE_STRING "OpenEXR 2.0.0"
#define OPENEXR_VERSION_MAJOR 2
#define OPENEXR_VERSION_MINOR 0
#define OPENEXR_VERSION_PATCH 0
#define OPENEXR_VERSION_STRING "2.0.0"
#define PACKAGE "openexr"
#define PACKAGE_BUGREPORT ""
#define PACKAGE_NAME "OpenEXR"
#define PACKAGE_STRING "OpenEXR 2.0.0"
#define PACKAGE_TARNAME "openexr"
#define PACKAGE_VERSION "2.0.0"
#define STDC_HEADERS 1
#define STDC_HEADERS 1
#define VERSION "2.0.0"
#endif
#ifdef __cplusplus
extern "C" void exit (int) throw ();

configure: exit 0
