This file contains any messages produced by compilers while
running configure, to aid debugging if configure makes a mistake.

It was created by IlmBase configure 2.0.0, which was
generated by GNU Autoconf 2.59.  Invocation command line was

  $ ./configure 

## --------- ##
## Platform. ##
## --------- ##

hostname = Macintosh-113.local
uname -m = x86_64
uname -r = 13.2.0
uname -s = Darwin
uname -v = Darwin Kernel Version 13.2.0: Thu Apr 17 23:03:13 PDT 2014; root:xnu-2422.100.13~1/RELEASE_X86_64

/usr/bin/uname -p = i386
/bin/uname -X     = unknown

/bin/arch              = unknown
/usr/bin/arch -k       = unknown
/usr/convex/getsysinfo = unknown
hostinfo               = Mach kernel version:
	 Darwin Kernel Version 13.2.0: Thu Apr 17 23:03:13 PDT 2014; root:xnu-2422.100.13~1/RELEASE_X86_64
Kernel configured for up to 4 processors.
2 processors are physically available.
4 processors are logically available.
Processor type: i486 (Intel 80486)
Processors active: 0 1 2 3
Primary memory available: 4.00 gigabytes
Default processor set: 170 tasks, 879 threads, 4 processors
Load average: 1.12, Mach factor: 2.86
/bin/machine           = unknown
/usr/bin/oslevel       = unknown
/bin/universe          = unknown

PATH: /opt/local/bin
PATH: /opt/local/sbin
PATH: /opt/local/bin
PATH: /opt/local/sbin
PATH: /opt/local/bin
PATH: /opt/local/sbin
PATH: /usr/bin
PATH: /bin
PATH: /usr/sbin
PATH: /sbin
PATH: /usr/local/bin
PATH: /opt/X11/bin
PATH: /usr/local/git/bin
PATH: /usr/texbin
PATH: /Users/HPH/.rvm/bin


## ----------- ##
## Core tests. ##
## ----------- ##

configure:1577: checking build system type
configure:1595: result: i686-apple-darwin13.2.0
configure:1603: checking host system type
configure:1617: result: i686-apple-darwin13.2.0
configure:1642: checking for a BSD-compatible install
configure:1697: result: /usr/bin/install -c
configure:1708: checking whether build environment is sane
configure:1751: result: yes
configure:1816: checking for gawk
configure:1845: result: no
configure:1816: checking for mawk
configure:1845: result: no
configure:1816: checking for nawk
configure:1845: result: no
configure:1816: checking for awk
configure:1832: found /usr/bin/awk
configure:1842: result: awk
configure:1852: checking whether make sets $(MAKE)
configure:1872: result: yes
configure:2039: checking whether to enable maintainer-specific portions of Makefiles
configure:2048: result: no
configure:2123: checking for g++
configure:2139: found /usr/bin/g++
configure:2149: result: g++
configure:2165: checking for C++ compiler version
configure:2168: g++ --version </dev/null >&5
Configured with: --prefix=/Applications/Xcode.app/Contents/Developer/usr --with-gxx-include-dir=/Applications/Xcode.app/Contents/Developer/Platforms/MacOSX.platform/Developer/SDKs/MacOSX10.9.sdk/usr/include/c++/4.2.1
Apple LLVM version 5.1 (clang-503.0.40) (based on LLVM 3.4svn)
Target: x86_64-apple-darwin13.2.0
Thread model: posix
configure:2171: $? = 0
configure:2173: g++ -v </dev/null >&5
Configured with: --prefix=/Applications/Xcode.app/Contents/Developer/usr --with-gxx-include-dir=/Applications/Xcode.app/Contents/Developer/Platforms/MacOSX.platform/Developer/SDKs/MacOSX10.9.sdk/usr/include/c++/4.2.1
Apple LLVM version 5.1 (clang-503.0.40) (based on LLVM 3.4svn)
Target: x86_64-apple-darwin13.2.0
Thread model: posix
configure:2176: $? = 0
configure:2178: g++ -V </dev/null >&5
clang: error: argument to '-V' is missing (expected 1 value)
clang: error: no input files
configure:2181: $? = 1
configure:2204: checking for C++ compiler default output file name
configure:2207: g++    conftest.cc  >&5
configure:2210: $? = 0
configure:2256: result: a.out
configure:2261: checking whether the C++ compiler works
configure:2267: ./a.out
configure:2270: $? = 0
configure:2287: result: yes
configure:2294: checking whether we are cross compiling
configure:2296: result: no
configure:2299: checking for suffix of executables
configure:2301: g++ -o conftest    conftest.cc  >&5
configure:2304: $? = 0
configure:2329: result: 
configure:2335: checking for suffix of object files
configure:2356: g++ -c   conftest.cc >&5
configure:2359: $? = 0
configure:2381: result: o
configure:2385: checking whether we are using the GNU C++ compiler
configure:2409: g++ -c   conftest.cc >&5
configure:2415: $? = 0
configure:2419: test -z 
			 || test ! -s conftest.err
configure:2422: $? = 0
configure:2425: test -s conftest.o
configure:2428: $? = 0
configure:2441: result: yes
configure:2447: checking whether g++ accepts -g
configure:2468: g++ -c -g  conftest.cc >&5
configure:2474: $? = 0
configure:2478: test -z 
			 || test ! -s conftest.err
configure:2481: $? = 0
configure:2484: test -s conftest.o
configure:2487: $? = 0
configure:2498: result: yes
configure:2540: g++ -c -g -O2  conftest.cc >&5
configure:2546: $? = 0
configure:2550: test -z 
			 || test ! -s conftest.err
configure:2553: $? = 0
configure:2556: test -s conftest.o
configure:2559: $? = 0
configure:2585: g++ -c -g -O2  conftest.cc >&5
conftest.cc:15:1: error: use of undeclared identifier 'exit'
exit (42);
^
1 error generated.
configure:2591: $? = 1
configure: failed program was:
| /* confdefs.h.  */
| 
| #define PACKAGE_NAME "IlmBase"
| #define PACKAGE_TARNAME "ilmbase"
| #define PACKAGE_VERSION "2.0.0"
| #define PACKAGE_STRING "IlmBase 2.0.0"
| #define PACKAGE_BUGREPORT ""
| #define PACKAGE "ilmbase"
| #define VERSION "2.0.0"
| /* end confdefs.h.  */
| 
| int
| main ()
| {
| exit (42);
|   ;
|   return 0;
| }
configure:2540: g++ -c -g -O2  conftest.cc >&5
conftest.cc:11:17: error: use of undeclared identifier 'std'
extern "C" void std::exit (int) throw (); using std::exit;
                ^
conftest.cc:11:49: error: use of undeclared identifier 'std'
extern "C" void std::exit (int) throw (); using std::exit;
                                                ^
2 errors generated.
configure:2546: $? = 1
configure: failed program was:
| /* confdefs.h.  */
| 
| #define PACKAGE_NAME "IlmBase"
| #define PACKAGE_TARNAME "ilmbase"
| #define PACKAGE_VERSION "2.0.0"
| #define PACKAGE_STRING "IlmBase 2.0.0"
| #define PACKAGE_BUGREPORT ""
| #define PACKAGE "ilmbase"
| #define VERSION "2.0.0"
| /* end confdefs.h.  */
| extern "C" void std::exit (int) throw (); using std::exit;
| #include <stdlib.h>
| int
| main ()
| {
| exit (42);
|   ;
|   return 0;
| }
configure:2540: g++ -c -g -O2  conftest.cc >&5
conftest.cc:11:17: error: use of undeclared identifier 'std'
extern "C" void std::exit (int); using std::exit;
                ^
conftest.cc:11:40: error: use of undeclared identifier 'std'
extern "C" void std::exit (int); using std::exit;
                                       ^
2 errors generated.
configure:2546: $? = 1
configure: failed program was:
| /* confdefs.h.  */
| 
| #define PACKAGE_NAME "IlmBase"
| #define PACKAGE_TARNAME "ilmbase"
| #define PACKAGE_VERSION "2.0.0"
| #define PACKAGE_STRING "IlmBase 2.0.0"
| #define PACKAGE_BUGREPORT ""
| #define PACKAGE "ilmbase"
| #define VERSION "2.0.0"
| /* end confdefs.h.  */
| extern "C" void std::exit (int); using std::exit;
| #include <stdlib.h>
| int
| main ()
| {
| exit (42);
|   ;
|   return 0;
| }
configure:2540: g++ -c -g -O2  conftest.cc >&5
configure:2546: $? = 0
configure:2550: test -z 
			 || test ! -s conftest.err
configure:2553: $? = 0
configure:2556: test -s conftest.o
configure:2559: $? = 0
configure:2585: g++ -c -g -O2  conftest.cc >&5
configure:2591: $? = 0
configure:2595: test -z 
			 || test ! -s conftest.err
configure:2598: $? = 0
configure:2601: test -s conftest.o
configure:2604: $? = 0
configure:2638: checking for style of include used by make
configure:2666: result: GNU
configure:2694: checking dependency style of g++
configure:2784: result: gcc3
configure:2814: checking for a BSD-compatible install
configure:2869: result: /usr/bin/install -c
configure:2926: checking for gcc
configure:2942: found /usr/bin/gcc
configure:2952: result: gcc
configure:3196: checking for C compiler version
configure:3199: gcc --version </dev/null >&5
Configured with: --prefix=/Applications/Xcode.app/Contents/Developer/usr --with-gxx-include-dir=/Applications/Xcode.app/Contents/Developer/Platforms/MacOSX.platform/Developer/SDKs/MacOSX10.9.sdk/usr/include/c++/4.2.1
Apple LLVM version 5.1 (clang-503.0.40) (based on LLVM 3.4svn)
Target: x86_64-apple-darwin13.2.0
Thread model: posix
configure:3202: $? = 0
configure:3204: gcc -v </dev/null >&5
Configured with: --prefix=/Applications/Xcode.app/Contents/Developer/usr --with-gxx-include-dir=/Applications/Xcode.app/Contents/Developer/Platforms/MacOSX.platform/Developer/SDKs/MacOSX10.9.sdk/usr/include/c++/4.2.1
Apple LLVM version 5.1 (clang-503.0.40) (based on LLVM 3.4svn)
Target: x86_64-apple-darwin13.2.0
Thread model: posix
configure:3207: $? = 0
configure:3209: gcc -V </dev/null >&5
clang: error: argument to '-V' is missing (expected 1 value)
clang: error: no input files
configure:3212: $? = 1
configure:3215: checking whether we are using the GNU C compiler
configure:3239: gcc -c   conftest.c >&5
configure:3245: $? = 0
configure:3249: test -z 
			 || test ! -s conftest.err
configure:3252: $? = 0
configure:3255: test -s conftest.o
configure:3258: $? = 0
configure:3271: result: yes
configure:3277: checking whether gcc accepts -g
configure:3298: gcc -c -g  conftest.c >&5
configure:3304: $? = 0
configure:3308: test -z 
			 || test ! -s conftest.err
configure:3311: $? = 0
configure:3314: test -s conftest.o
configure:3317: $? = 0
configure:3328: result: yes
configure:3345: checking for gcc option to accept ANSI C
configure:3415: gcc  -c -g -O2  conftest.c >&5
configure:3421: $? = 0
configure:3425: test -z 
			 || test ! -s conftest.err
configure:3428: $? = 0
configure:3431: test -s conftest.o
configure:3434: $? = 0
configure:3452: result: none needed
configure:3470: gcc -c -g -O2  conftest.c >&5
conftest.c:2:3: error: unknown type name 'choke'
  choke me
  ^
conftest.c:2:11: error: expected ';' after top level declarator
  choke me
          ^
          ;
2 errors generated.
configure:3476: $? = 1
configure: failed program was:
| #ifndef __cplusplus
|   choke me
| #endif
configure:3611: checking dependency style of gcc
configure:3701: result: gcc3
configure:3718: checking whether ln -s works
configure:3722: result: yes
configure:3801: checking for a sed that does not truncate output
configure:3857: result: /usr/bin/sed
configure:3860: checking for egrep
configure:3870: result: grep -E
configure:3886: checking for ld used by gcc
configure:3953: result: /Applications/Xcode.app/Contents/Developer/Toolchains/XcodeDefault.xctoolchain/usr/bin/ld
configure:3962: checking if the linker (/Applications/Xcode.app/Contents/Developer/Toolchains/XcodeDefault.xctoolchain/usr/bin/ld) is GNU ld
configure:3977: result: no
configure:3982: checking for /Applications/Xcode.app/Contents/Developer/Toolchains/XcodeDefault.xctoolchain/usr/bin/ld option to reload object files
configure:3989: result: -r
configure:4007: checking for BSD-compatible nm
configure:4056: result: /usr/bin/nm
configure:4060: checking how to recognise dependent libraries
configure:4236: result: pass_all
configure:4473: checking how to run the C preprocessor
configure:4508: gcc -E  conftest.c
configure:4514: $? = 0
configure:4546: gcc -E  conftest.c
conftest.c:14:10: fatal error: 'ac_nonexistent.h' file not found
#include <ac_nonexistent.h>
         ^
1 error generated.
configure:4552: $? = 1
configure: failed program was:
| /* confdefs.h.  */
| 
| #define PACKAGE_NAME "IlmBase"
| #define PACKAGE_TARNAME "ilmbase"
| #define PACKAGE_VERSION "2.0.0"
| #define PACKAGE_STRING "IlmBase 2.0.0"
| #define PACKAGE_BUGREPORT ""
| #define PACKAGE "ilmbase"
| #define VERSION "2.0.0"
| #ifdef __cplusplus
| extern "C" void exit (int) throw ();
| #endif
| /* end confdefs.h.  */
| #include <ac_nonexistent.h>
configure:4591: result: gcc -E
configure:4615: gcc -E  conftest.c
configure:4621: $? = 0
configure:4653: gcc -E  conftest.c
conftest.c:14:10: fatal error: 'ac_nonexistent.h' file not found
#include <ac_nonexistent.h>
         ^
1 error generated.
configure:4659: $? = 1
configure: failed program was:
| /* confdefs.h.  */
| 
| #define PACKAGE_NAME "IlmBase"
| #define PACKAGE_TARNAME "ilmbase"
| #define PACKAGE_VERSION "2.0.0"
| #define PACKAGE_STRING "IlmBase 2.0.0"
| #define PACKAGE_BUGREPORT ""
| #define PACKAGE "ilmbase"
| #define VERSION "2.0.0"
| #ifdef __cplusplus
| extern "C" void exit (int) throw ();
| #endif
| /* end confdefs.h.  */
| #include <ac_nonexistent.h>
configure:4703: checking for ANSI C header files
configure:4728: gcc -c -g -O2  conftest.c >&5
configure:4734: $? = 0
configure:4738: test -z 
			 || test ! -s conftest.err
configure:4741: $? = 0
configure:4744: test -s conftest.o
configure:4747: $? = 0
configure:4836: gcc -o conftest -g -O2   conftest.c  >&5
conftest.c:31:7: warning: implicitly declaring library function 'exit' with type 'void (int) __attribute__((noreturn))'
      exit(2);
      ^
conftest.c:31:7: note: please include the header <stdlib.h> or explicitly provide a declaration for 'exit'
1 warning generated.
configure:4839: $? = 0
configure:4841: ./conftest
configure:4844: $? = 0
configure:4859: result: yes
configure:4883: checking for sys/types.h
configure:4899: gcc -c -g -O2  conftest.c >&5
configure:4905: $? = 0
configure:4909: test -z 
			 || test ! -s conftest.err
configure:4912: $? = 0
configure:4915: test -s conftest.o
configure:4918: $? = 0
configure:4929: result: yes
configure:4883: checking for sys/stat.h
configure:4899: gcc -c -g -O2  conftest.c >&5
configure:4905: $? = 0
configure:4909: test -z 
			 || test ! -s conftest.err
configure:4912: $? = 0
configure:4915: test -s conftest.o
configure:4918: $? = 0
configure:4929: result: yes
configure:4883: checking for stdlib.h
configure:4899: gcc -c -g -O2  conftest.c >&5
configure:4905: $? = 0
configure:4909: test -z 
			 || test ! -s conftest.err
configure:4912: $? = 0
configure:4915: test -s conftest.o
configure:4918: $? = 0
configure:4929: result: yes
configure:4883: checking for string.h
configure:4899: gcc -c -g -O2  conftest.c >&5
configure:4905: $? = 0
configure:4909: test -z 
			 || test ! -s conftest.err
configure:4912: $? = 0
configure:4915: test -s conftest.o
configure:4918: $? = 0
configure:4929: result: yes
configure:4883: checking for memory.h
configure:4899: gcc -c -g -O2  conftest.c >&5
configure:4905: $? = 0
configure:4909: test -z 
			 || test ! -s conftest.err
configure:4912: $? = 0
configure:4915: test -s conftest.o
configure:4918: $? = 0
configure:4929: result: yes
configure:4883: checking for strings.h
configure:4899: gcc -c -g -O2  conftest.c >&5
configure:4905: $? = 0
configure:4909: test -z 
			 || test ! -s conftest.err
configure:4912: $? = 0
configure:4915: test -s conftest.o
configure:4918: $? = 0
configure:4929: result: yes
configure:4883: checking for inttypes.h
configure:4899: gcc -c -g -O2  conftest.c >&5
configure:4905: $? = 0
configure:4909: test -z 
			 || test ! -s conftest.err
configure:4912: $? = 0
configure:4915: test -s conftest.o
configure:4918: $? = 0
configure:4929: result: yes
configure:4883: checking for stdint.h
configure:4899: gcc -c -g -O2  conftest.c >&5
configure:4905: $? = 0
configure:4909: test -z 
			 || test ! -s conftest.err
configure:4912: $? = 0
configure:4915: test -s conftest.o
configure:4918: $? = 0
configure:4929: result: yes
configure:4883: checking for unistd.h
configure:4899: gcc -c -g -O2  conftest.c >&5
configure:4905: $? = 0
configure:4909: test -z 
			 || test ! -s conftest.err
configure:4912: $? = 0
configure:4915: test -s conftest.o
configure:4918: $? = 0
configure:4929: result: yes
configure:4955: checking dlfcn.h usability
configure:4967: gcc -c -g -O2  conftest.c >&5
configure:4973: $? = 0
configure:4977: test -z 
			 || test ! -s conftest.err
configure:4980: $? = 0
configure:4983: test -s conftest.o
configure:4986: $? = 0
configure:4996: result: yes
configure:5000: checking dlfcn.h presence
configure:5010: gcc -E  conftest.c
configure:5016: $? = 0
configure:5036: result: yes
configure:5071: checking for dlfcn.h
configure:5078: result: yes
configure:5101: checking how to run the C++ preprocessor
configure:5132: g++ -E  conftest.cc
configure:5138: $? = 0
configure:5170: g++ -E  conftest.cc
conftest.cc:25:10: fatal error: 'ac_nonexistent.h' file not found
#include <ac_nonexistent.h>
         ^
1 error generated.
configure:5176: $? = 1
configure: failed program was:
| /* confdefs.h.  */
| 
| #define PACKAGE_NAME "IlmBase"
| #define PACKAGE_TARNAME "ilmbase"
| #define PACKAGE_VERSION "2.0.0"
| #define PACKAGE_STRING "IlmBase 2.0.0"
| #define PACKAGE_BUGREPORT ""
| #define PACKAGE "ilmbase"
| #define VERSION "2.0.0"
| #ifdef __cplusplus
| extern "C" void exit (int) throw ();
| #endif
| #define STDC_HEADERS 1
| #define HAVE_SYS_TYPES_H 1
| #define HAVE_SYS_STAT_H 1
| #define HAVE_STDLIB_H 1
| #define HAVE_STRING_H 1
| #define HAVE_MEMORY_H 1
| #define HAVE_STRINGS_H 1
| #define HAVE_INTTYPES_H 1
| #define HAVE_STDINT_H 1
| #define HAVE_UNISTD_H 1
| #define HAVE_DLFCN_H 1
| /* end confdefs.h.  */
| #include <ac_nonexistent.h>
configure:5215: result: g++ -E
configure:5239: g++ -E  conftest.cc
configure:5245: $? = 0
configure:5277: g++ -E  conftest.cc
conftest.cc:25:10: fatal error: 'ac_nonexistent.h' file not found
#include <ac_nonexistent.h>
         ^
1 error generated.
configure:5283: $? = 1
configure: failed program was:
| /* confdefs.h.  */
| 
| #define PACKAGE_NAME "IlmBase"
| #define PACKAGE_TARNAME "ilmbase"
| #define PACKAGE_VERSION "2.0.0"
| #define PACKAGE_STRING "IlmBase 2.0.0"
| #define PACKAGE_BUGREPORT ""
| #define PACKAGE "ilmbase"
| #define VERSION "2.0.0"
| #ifdef __cplusplus
| extern "C" void exit (int) throw ();
| #endif
| #define STDC_HEADERS 1
| #define HAVE_SYS_TYPES_H 1
| #define HAVE_SYS_STAT_H 1
| #define HAVE_STDLIB_H 1
| #define HAVE_STRING_H 1
| #define HAVE_MEMORY_H 1
| #define HAVE_STRINGS_H 1
| #define HAVE_INTTYPES_H 1
| #define HAVE_STDINT_H 1
| #define HAVE_UNISTD_H 1
| #define HAVE_DLFCN_H 1
| /* end confdefs.h.  */
| #include <ac_nonexistent.h>
configure:5380: checking for g77
configure:5409: result: no
configure:5380: checking for f77
configure:5409: result: no
configure:5380: checking for xlf
configure:5409: result: no
configure:5380: checking for frt
configure:5409: result: no
configure:5380: checking for pgf77
configure:5409: result: no
configure:5380: checking for fort77
configure:5409: result: no
configure:5380: checking for fl32
configure:5409: result: no
configure:5380: checking for af77
configure:5409: result: no
configure:5380: checking for f90
configure:5409: result: no
configure:5380: checking for xlf90
configure:5409: result: no
configure:5380: checking for pgf90
configure:5409: result: no
configure:5380: checking for epcf90
configure:5409: result: no
configure:5380: checking for f95
configure:5409: result: no
configure:5380: checking for fort
configure:5409: result: no
configure:5380: checking for xlf95
configure:5409: result: no
configure:5380: checking for ifc
configure:5409: result: no
configure:5380: checking for efc
configure:5409: result: no
configure:5380: checking for pgf95
configure:5409: result: no
configure:5380: checking for lf95
configure:5409: result: no
configure:5380: checking for gfortran
configure:5409: result: no
configure:5421: checking for Fortran 77 compiler version
configure:5424:  --version </dev/null >&5
./configure: line 5425: --version: command not found
configure:5427: $? = 127
configure:5429:  -v </dev/null >&5
./configure: line 5430: -v: command not found
configure:5432: $? = 127
configure:5434:  -V </dev/null >&5
./configure: line 5435: -V: command not found
configure:5437: $? = 127
configure:5445: checking whether we are using the GNU Fortran 77 compiler
configure:5459:  -c  conftest.F >&5
./configure: line 5460: -c: command not found
configure:5465: $? = 127
configure: failed program was:
|       program main
| #ifndef __GNUC__
|        choke me
| #endif
| 
|       end
configure:5491: result: no
configure:5497: checking whether  accepts -g
configure:5509:  -c -g conftest.f >&5
./configure: line 5510: -c: command not found
configure:5515: $? = 127
configure: failed program was:
|       program main
| 
|       end
configure:5540: result: no
configure:5570: checking the maximum length of command line arguments
configure:5679: result: 196608
configure:5690: checking command to parse /usr/bin/nm output from gcc object
configure:5795: gcc -c -g -O2  conftest.c >&5
configure:5798: $? = 0
configure:5802: /usr/bin/nm conftest.o \| sed -n -e 's/^.*[ 	]\([BCDEGRST][BCDEGRST]*\)[ 	][ 	]*\([_A-Za-z][_A-Za-z0-9]*\)$/\1 \2 \2/p' \> conftest.nm
configure:5805: $? = 0
cannot find nm_test_var in conftest.nm
configure:5795: gcc -c -g -O2  conftest.c >&5
configure:5798: $? = 0
configure:5802: /usr/bin/nm conftest.o \| sed -n -e 's/^.*[ 	]\([BCDEGRST][BCDEGRST]*\)[ 	][ 	]*_\([_A-Za-z][_A-Za-z0-9]*\)$/\1 _\2 \2/p' \> conftest.nm
configure:5805: $? = 0
configure:5857: gcc -o conftest -g -O2   conftest.c conftstm.o >&5
configure:5860: $? = 0
configure:5898: result: ok
configure:5902: checking for objdir
configure:5917: result: .libs
configure:6007: checking for ar
configure:6023: found /usr/bin/ar
configure:6034: result: ar
configure:6087: checking for ranlib
configure:6103: found /usr/bin/ranlib
configure:6114: result: ranlib
configure:6167: checking for strip
configure:6183: found /usr/bin/strip
configure:6194: result: strip
configure:6466: checking if gcc supports -fno-rtti -fno-exceptions
configure:6484: gcc -c -g -O2  -fno-rtti -fno-exceptions conftest.c >&5
configure:6488: $? = 0
configure:6501: result: yes
configure:6516: checking for gcc option to produce PIC
configure:6726: result: -fno-common
configure:6734: checking if gcc PIC flag -fno-common works
configure:6752: gcc -c -g -O2  -fno-common -DPIC conftest.c >&5
configure:6756: $? = 0
configure:6769: result: yes
configure:6797: checking if gcc static flag -static works
configure:6825: result: no
configure:6835: checking if gcc supports -c -o file.o
configure:6856: gcc -c -g -O2  -o out/conftest2.o conftest.c >&5
configure:6860: $? = 0
configure:6882: result: yes
configure:6908: checking whether the gcc linker (/Applications/Xcode.app/Contents/Developer/Toolchains/XcodeDefault.xctoolchain/usr/bin/ld) supports shared libraries
configure:7866: result: yes
configure:7933: checking dynamic linker characteristics
configure:8542: result: darwin13.2.0 dyld
configure:8551: checking how to hardcode library paths into programs
configure:8576: result: immediate
configure:8590: checking whether stripping libraries is possible
configure:8603: result: yes
configure:9429: checking if libtool supports shared libraries
configure:9431: result: yes
configure:9434: checking whether to build shared libraries
configure:9455: result: yes
configure:9458: checking whether to build static libraries
configure:9462: result: yes
configure:9554: creating libtool
configure:10145: checking for ld used by g++
configure:10212: result: /Applications/Xcode.app/Contents/Developer/Toolchains/XcodeDefault.xctoolchain/usr/bin/ld
configure:10221: checking if the linker (/Applications/Xcode.app/Contents/Developer/Toolchains/XcodeDefault.xctoolchain/usr/bin/ld) is GNU ld
configure:10236: result: no
configure:10287: checking whether the g++ linker (/Applications/Xcode.app/Contents/Developer/Toolchains/XcodeDefault.xctoolchain/usr/bin/ld) supports shared libraries
configure:11225: result: yes
configure:11243: g++ -c -g -O2  conftest.cpp >&5
configure:11246: $? = 0
configure:11365: checking for g++ option to produce PIC
configure:11639: result: -fno-common
configure:11647: checking if g++ PIC flag -fno-common works
configure:11665: g++ -c -g -O2  -fno-common -DPIC conftest.cpp >&5
configure:11669: $? = 0
configure:11682: result: yes
configure:11710: checking if g++ static flag -static works
configure:11738: result: no
configure:11748: checking if g++ supports -c -o file.o
configure:11769: g++ -c -g -O2  -o out/conftest2.o conftest.cpp >&5
configure:11773: $? = 0
configure:11795: result: yes
configure:11821: checking whether the g++ linker (/Applications/Xcode.app/Contents/Developer/Toolchains/XcodeDefault.xctoolchain/usr/bin/ld) supports shared libraries
configure:11846: result: yes
configure:11913: checking dynamic linker characteristics
configure:12522: result: darwin13.2.0 dyld
configure:12531: checking how to hardcode library paths into programs
configure:12556: result: immediate
configure:18760: checking whether make sets $(MAKE)
configure:18780: result: yes
configure:19000: checking for the pthreads library -lpthreads
configure:19038: gcc -o conftest -g -O2    conftest.c -lpthreads  >&5
ld: library not found for -lpthreads
clang: error: linker command failed with exit code 1 (use -v to see invocation)
configure:19044: $? = 1
configure: failed program was:
| /* confdefs.h.  */
| 
| #define PACKAGE_NAME "IlmBase"
| #define PACKAGE_TARNAME "ilmbase"
| #define PACKAGE_VERSION "2.0.0"
| #define PACKAGE_STRING "IlmBase 2.0.0"
| #define PACKAGE_BUGREPORT ""
| #define PACKAGE "ilmbase"
| #define VERSION "2.0.0"
| #ifdef __cplusplus
| extern "C" void exit (int) throw ();
| #endif
| #define STDC_HEADERS 1
| #define HAVE_SYS_TYPES_H 1
| #define HAVE_SYS_STAT_H 1
| #define HAVE_STDLIB_H 1
| #define HAVE_STRING_H 1
| #define HAVE_MEMORY_H 1
| #define HAVE_STRINGS_H 1
| #define HAVE_INTTYPES_H 1
| #define HAVE_STDINT_H 1
| #define HAVE_UNISTD_H 1
| #define HAVE_DLFCN_H 1
| /* end confdefs.h.  */
| #include <pthread.h>
| int
| main ()
| {
| pthread_t th; pthread_join(th, 0);
|                      pthread_attr_init(0); pthread_cleanup_push(0, 0);
|                      pthread_create(0,0,0,0); pthread_cleanup_pop(0);
|   ;
|   return 0;
| }
configure:19071: result: no
configure:18946: checking whether pthreads work without any flags
configure:19038: gcc -o conftest -g -O2    conftest.c   >&5
configure:19044: $? = 0
configure:19048: test -z 
			 || test ! -s conftest.err
configure:19051: $? = 0
configure:19054: test -s conftest
configure:19057: $? = 0
configure:19071: result: yes
configure:19090: checking for joinable pthread attribute
configure:19110: gcc -o conftest -g -O2    conftest.c   >&5
configure:19116: $? = 0
configure:19120: test -z 
			 || test ! -s conftest.err
configure:19123: $? = 0
configure:19126: test -s conftest
configure:19129: $? = 0
configure:19140: result: PTHREAD_CREATE_JOINABLE
configure:19150: checking if more special flags are required for pthreads
configure:19157: result: -D_THREAD_SAFE
configure:19169: checking for cc_r
configure:19196: result: gcc
configure:19246: checking semaphore.h usability
configure:19258: gcc -c -g -O2 -D_THREAD_SAFE   conftest.c >&5
configure:19264: $? = 0
configure:19268: test -z 
			 || test ! -s conftest.err
configure:19271: $? = 0
configure:19274: test -s conftest.o
configure:19277: $? = 0
configure:19287: result: yes
configure:19291: checking semaphore.h presence
configure:19301: gcc -E  conftest.c
configure:19307: $? = 0
configure:19327: result: yes
configure:19362: checking for semaphore.h
configure:19369: result: yes
configure:19378: checking for library containing sem_init
configure:19408: gcc -o conftest -g -O2 -D_THREAD_SAFE    conftest.c   >&5
configure:19414: $? = 0
configure:19418: test -z 
			 || test ! -s conftest.err
configure:19421: $? = 0
configure:19424: test -s conftest
configure:19427: $? = 0
configure:19497: result: none required
configure:19502: checking whether to use POSIX unnamed semaphores
configure:19539: gcc -o conftest -g -O2 -D_THREAD_SAFE    conftest.c   >&5
configure:19542: $? = 0
configure:19544: ./conftest
configure:19547: $? = 1
configure: program exited with status 1
configure: failed program was:
| 
| 		/* confdefs.h.  */
| 
| #define PACKAGE_NAME "IlmBase"
| #define PACKAGE_TARNAME "ilmbase"
| #define PACKAGE_VERSION "2.0.0"
| #define PACKAGE_STRING "IlmBase 2.0.0"
| #define PACKAGE_BUGREPORT ""
| #define PACKAGE "ilmbase"
| #define VERSION "2.0.0"
| #ifdef __cplusplus
| extern "C" void exit (int) throw ();
| #endif
| #define STDC_HEADERS 1
| #define HAVE_SYS_TYPES_H 1
| #define HAVE_SYS_STAT_H 1
| #define HAVE_STDLIB_H 1
| #define HAVE_STRING_H 1
| #define HAVE_MEMORY_H 1
| #define HAVE_STRINGS_H 1
| #define HAVE_INTTYPES_H 1
| #define HAVE_STDINT_H 1
| #define HAVE_UNISTD_H 1
| #define HAVE_DLFCN_H 1
| #define HAVE_PTHREAD 1
| #define HAVE_SEMAPHORE_H 1
| /* end confdefs.h.  */
| #include <semaphore.h>
| int
| main ()
| {
| 
| 		    sem_t mysem;
| 		    if (sem_init (&mysem, 1, 1) == 0)
| 		    {
| 			if (sem_wait (&mysem) == 0)
| 			{
| 			    sem_post (&mysem);
| 			    sem_destroy (&mysem);
| 			    return 0;
| 			}
| 		    }
| 		    return 1;
| 
|   ;
|   return 0;
| }
| 
configure:19560: result: no (pshared not usable)
configure:19603: multithread true, LIBS =  , CC = gcc, CXXFLAGS = -g -O2 -D_THREAD_SAFE 
configure:19607: checking for ANSI C header files
configure:19763: result: yes
configure:19789: checking limits.h usability
configure:19801: gcc -c -g -O2 -D_THREAD_SAFE   conftest.c >&5
configure:19807: $? = 0
configure:19811: test -z 
			 || test ! -s conftest.err
configure:19814: $? = 0
configure:19817: test -s conftest.o
configure:19820: $? = 0
configure:19830: result: yes
configure:19834: checking limits.h presence
configure:19844: gcc -E  conftest.c
configure:19850: $? = 0
configure:19870: result: yes
configure:19905: checking for limits.h
configure:19912: result: yes
configure:19780: checking for unistd.h
configure:19785: result: yes
configure:19789: checking ucontext.h usability
configure:19801: gcc -c -g -O2 -D_THREAD_SAFE   conftest.c >&5
In file included from conftest.c:64:
/Applications/Xcode.app/Contents/Developer/Platforms/MacOSX.platform/Developer/SDKs/MacOSX10.9.sdk/usr/include/ucontext.h:43:2: error: The deprecated ucontext routines require _XOPEN_SOURCE to be defined
#error The deprecated ucontext routines require _XOPEN_SOURCE to be defined
 ^
1 error generated.
configure:19807: $? = 1
configure: failed program was:
| /* confdefs.h.  */
| 
| #define PACKAGE_NAME "IlmBase"
| #define PACKAGE_TARNAME "ilmbase"
| #define PACKAGE_VERSION "2.0.0"
| #define PACKAGE_STRING "IlmBase 2.0.0"
| #define PACKAGE_BUGREPORT ""
| #define PACKAGE "ilmbase"
| #define VERSION "2.0.0"
| #ifdef __cplusplus
| extern "C" void exit (int) throw ();
| #endif
| #define STDC_HEADERS 1
| #define HAVE_SYS_TYPES_H 1
| #define HAVE_SYS_STAT_H 1
| #define HAVE_STDLIB_H 1
| #define HAVE_STRING_H 1
| #define HAVE_MEMORY_H 1
| #define HAVE_STRINGS_H 1
| #define HAVE_INTTYPES_H 1
| #define HAVE_STDINT_H 1
| #define HAVE_UNISTD_H 1
| #define HAVE_DLFCN_H 1
| #define HAVE_PTHREAD 1
| #define HAVE_SEMAPHORE_H 1
| #define STDC_HEADERS 1
| #define HAVE_LIMITS_H 1
| #define HAVE_UNISTD_H 1
| /* end confdefs.h.  */
| #include <stdio.h>
| #if HAVE_SYS_TYPES_H
| # include <sys/types.h>
| #endif
| #if HAVE_SYS_STAT_H
| # include <sys/stat.h>
| #endif
| #if STDC_HEADERS
| # include <stdlib.h>
| # include <stddef.h>
| #else
| # if HAVE_STDLIB_H
| #  include <stdlib.h>
| # endif
| #endif
| #if HAVE_STRING_H
| # if !STDC_HEADERS && HAVE_MEMORY_H
| #  include <memory.h>
| # endif
| # include <string.h>
| #endif
| #if HAVE_STRINGS_H
| # include <strings.h>
| #endif
| #if HAVE_INTTYPES_H
| # include <inttypes.h>
| #else
| # if HAVE_STDINT_H
| #  include <stdint.h>
| # endif
| #endif
| #if HAVE_UNISTD_H
| # include <unistd.h>
| #endif
| #include <ucontext.h>
configure:19830: result: no
configure:19834: checking ucontext.h presence
configure:19844: gcc -E  conftest.c
In file included from conftest.c:30:
/Applications/Xcode.app/Contents/Developer/Platforms/MacOSX.platform/Developer/SDKs/MacOSX10.9.sdk/usr/include/ucontext.h:43:2: error: The deprecated ucontext routines require _XOPEN_SOURCE to be defined
#error The deprecated ucontext routines require _XOPEN_SOURCE to be defined
 ^
1 error generated.
configure:19850: $? = 1
configure: failed program was:
| /* confdefs.h.  */
| 
| #define PACKAGE_NAME "IlmBase"
| #define PACKAGE_TARNAME "ilmbase"
| #define PACKAGE_VERSION "2.0.0"
| #define PACKAGE_STRING "IlmBase 2.0.0"
| #define PACKAGE_BUGREPORT ""
| #define PACKAGE "ilmbase"
| #define VERSION "2.0.0"
| #ifdef __cplusplus
| extern "C" void exit (int) throw ();
| #endif
| #define STDC_HEADERS 1
| #define HAVE_SYS_TYPES_H 1
| #define HAVE_SYS_STAT_H 1
| #define HAVE_STDLIB_H 1
| #define HAVE_STRING_H 1
| #define HAVE_MEMORY_H 1
| #define HAVE_STRINGS_H 1
| #define HAVE_INTTYPES_H 1
| #define HAVE_STDINT_H 1
| #define HAVE_UNISTD_H 1
| #define HAVE_DLFCN_H 1
| #define HAVE_PTHREAD 1
| #define HAVE_SEMAPHORE_H 1
| #define STDC_HEADERS 1
| #define HAVE_LIMITS_H 1
| #define HAVE_UNISTD_H 1
| /* end confdefs.h.  */
| #include <ucontext.h>
configure:19870: result: no
configure:19905: checking for ucontext.h
configure:19912: result: no
configure:19926: checking for an ANSI C-conforming const
configure:19993: gcc -c -g -O2 -D_THREAD_SAFE   conftest.c >&5
configure:19999: $? = 0
configure:20003: test -z 
			 || test ! -s conftest.err
configure:20006: $? = 0
configure:20009: test -s conftest.o
configure:20012: $? = 0
configure:20023: result: yes
configure:20033: checking for inline
configure:20054: gcc -c -g -O2 -D_THREAD_SAFE   conftest.c >&5
configure:20060: $? = 0
configure:20064: test -z 
			 || test ! -s conftest.err
configure:20067: $? = 0
configure:20070: test -s conftest.o
configure:20073: $? = 0
configure:20085: result: inline
configure:20104: checking for size_t
configure:20128: gcc -c -g -O2 -D_THREAD_SAFE   conftest.c >&5
configure:20134: $? = 0
configure:20138: test -z 
			 || test ! -s conftest.err
configure:20141: $? = 0
configure:20144: test -s conftest.o
configure:20147: $? = 0
configure:20158: result: yes
configure:20175: checking for strerror
configure:20232: gcc -o conftest -g -O2 -D_THREAD_SAFE    conftest.c   >&5
conftest.c:54:6: warning: incompatible redeclaration of library function 'strerror' [-Wincompatible-library-redeclaration]
char strerror ();
     ^
conftest.c:54:6: note: 'strerror' is a builtin with type 'char *(int)'
1 warning generated.
configure:20238: $? = 0
configure:20242: test -z 
			 || test ! -s conftest.err
configure:20245: $? = 0
configure:20248: test -s conftest
configure:20251: $? = 0
configure:20263: result: yes
configure:20275: checking for complete iomanip support in C++ standard library
configure:20305: g++ -c -g -O2 -D_THREAD_SAFE   conftest.cc >&5
conftest.cc:37:2: warning: expression result unused [-Wunused-value]
        std::right;
        ^~~~~~~~~~
1 warning generated.
configure:20311: $? = 0
configure:20315: test -z 
			 || test ! -s conftest.err
configure:20318: $? = 0
configure:20321: test -s conftest.o
configure:20324: $? = 0
configure:20336: result: yes
configure:20340: checking for fpe support handling
configure:20367: g++ -c -g -O2 -D_THREAD_SAFE   conftest.cc >&5
In file included from conftest.cc:34:
/Applications/Xcode.app/Contents/Developer/Platforms/MacOSX.platform/Developer/SDKs/MacOSX10.9.sdk/usr/include/ucontext.h:43:2: error: The deprecated ucontext routines require _XOPEN_SOURCE to be defined
#error The deprecated ucontext routines require _XOPEN_SOURCE to be defined
 ^
conftest.cc:40:5: error: unknown type name 'ucontext_t'
    ucontext_t ucon;
    ^
2 errors generated.
configure:20373: $? = 1
configure: failed program was:
| /* confdefs.h.  */
| 
| #define PACKAGE_NAME "IlmBase"
| #define PACKAGE_TARNAME "ilmbase"
| #define PACKAGE_VERSION "2.0.0"
| #define PACKAGE_STRING "IlmBase 2.0.0"
| #define PACKAGE_BUGREPORT ""
| #define PACKAGE "ilmbase"
| #define VERSION "2.0.0"
| #ifdef __cplusplus
| extern "C" void exit (int) throw ();
| #endif
| #define STDC_HEADERS 1
| #define HAVE_SYS_TYPES_H 1
| #define HAVE_SYS_STAT_H 1
| #define HAVE_STDLIB_H 1
| #define HAVE_STRING_H 1
| #define HAVE_MEMORY_H 1
| #define HAVE_STRINGS_H 1
| #define HAVE_INTTYPES_H 1
| #define HAVE_STDINT_H 1
| #define HAVE_UNISTD_H 1
| #define HAVE_DLFCN_H 1
| #define HAVE_PTHREAD 1
| #define HAVE_SEMAPHORE_H 1
| #define STDC_HEADERS 1
| #define HAVE_LIMITS_H 1
| #define HAVE_UNISTD_H 1
| #define HAVE_STRERROR 1
| #define HAVE_COMPLETE_IOMANIP 1
| /* end confdefs.h.  */
| 
| #include <stdint.h>
| #include <ucontext.h>
| 
| int
| main ()
| {
| 
|     ucontext_t ucon;
|     uint32_t mxcsr = ucon.uc_mcontext.fpregs->mxcsr;
|     uint16_t cw    = ucon.uc_mcontext.fpregs->cwd;
| 
| 
|   ;
|   return 0;
| }
configure:20398: result: no
configure:20459: checking for gcc optimization flags
configure:20479: gcc -c -g -O2 -D_THREAD_SAFE  -pipe  conftest.c >&5
configure:20485: $? = 0
configure:20489: test -z 
			 || test ! -s conftest.err
configure:20492: $? = 0
configure:20495: test -s conftest.o
configure:20498: $? = 0
configure:20509: result: -pipe
configure:20895: creating ./config.status

## ---------------------- ##
## Running config.status. ##
## ---------------------- ##

This file was extended by IlmBase config.status 2.0.0, which was
generated by GNU Autoconf 2.59.  Invocation command line was

  CONFIG_FILES    = 
  CONFIG_HEADERS  = 
  CONFIG_LINKS    = 
  CONFIG_COMMANDS = 
  $ ./config.status 

on Macintosh-113.local

config.status:746: creating Makefile
config.status:746: creating IlmBase.pc
config.status:746: creating config/Makefile
config.status:746: creating Half/Makefile
config.status:746: creating HalfTest/Makefile
config.status:746: creating Iex/Makefile
config.status:746: creating IexMath/Makefile
config.status:746: creating IexTest/Makefile
config.status:746: creating IlmThread/Makefile
config.status:746: creating Imath/Makefile
config.status:746: creating ImathTest/Makefile
config.status:746: creating vc/Makefile
config.status:850: creating config/IlmBaseConfig.h
config.status:1176: executing depfiles commands
configure:22242: result:
---------------------------------------------
Summary for IlmBase features:
enable large stack optimizations             no
configure:22252: result:
internal library namespaces                  Imath_2_0
                                             Iex_2_0
                                             IlmThread_2_0
configure:22275: result:
public namespaces                            Imath Iex IlmThread
configure:22285: result:
OS X architectures                           default
OS X SDK                                     default
OS X two-way universal build (deprecated)    no
configure:22294: result:
---------------------------------------------


## ---------------- ##
## Cache variables. ##
## ---------------- ##

ac_cv_build=i686-apple-darwin13.2.0
ac_cv_build_alias=i686-apple-darwin13.2.0
ac_cv_c_compiler_gnu=yes
ac_cv_c_const=yes
ac_cv_c_inline=inline
ac_cv_cxx_compiler_gnu=yes
ac_cv_env_CC_set=
ac_cv_env_CC_value=
ac_cv_env_CFLAGS_set=
ac_cv_env_CFLAGS_value=
ac_cv_env_CPPFLAGS_set=
ac_cv_env_CPPFLAGS_value=
ac_cv_env_CPP_set=
ac_cv_env_CPP_value=
ac_cv_env_CXXCPP_set=
ac_cv_env_CXXCPP_value=
ac_cv_env_CXXFLAGS_set=
ac_cv_env_CXXFLAGS_value=
ac_cv_env_CXX_set=
ac_cv_env_CXX_value=
ac_cv_env_F77_set=
ac_cv_env_F77_value=
ac_cv_env_FFLAGS_set=
ac_cv_env_FFLAGS_value=
ac_cv_env_LDFLAGS_set=
ac_cv_env_LDFLAGS_value=
ac_cv_env_build_alias_set=
ac_cv_env_build_alias_value=
ac_cv_env_host_alias_set=
ac_cv_env_host_alias_value=
ac_cv_env_target_alias_set=
ac_cv_env_target_alias_value=
ac_cv_exeext=
ac_cv_f77_compiler_gnu=no
ac_cv_func_strerror=yes
ac_cv_header_dlfcn_h=yes
ac_cv_header_inttypes_h=yes
ac_cv_header_limits_h=yes
ac_cv_header_memory_h=yes
ac_cv_header_semaphore_h=yes
ac_cv_header_stdc=yes
ac_cv_header_stdint_h=yes
ac_cv_header_stdlib_h=yes
ac_cv_header_string_h=yes
ac_cv_header_strings_h=yes
ac_cv_header_sys_stat_h=yes
ac_cv_header_sys_types_h=yes
ac_cv_header_ucontext_h=no
ac_cv_header_unistd_h=yes
ac_cv_host=i686-apple-darwin13.2.0
ac_cv_host_alias=i686-apple-darwin13.2.0
ac_cv_objext=o
ac_cv_path_install='/usr/bin/install -c'
ac_cv_prog_AWK=awk
ac_cv_prog_CPP='gcc -E'
ac_cv_prog_CXXCPP='g++ -E'
ac_cv_prog_PTHREAD_CC=gcc
ac_cv_prog_ac_ct_AR=ar
ac_cv_prog_ac_ct_CC=gcc
ac_cv_prog_ac_ct_CXX=g++
ac_cv_prog_ac_ct_RANLIB=ranlib
ac_cv_prog_ac_ct_STRIP=strip
ac_cv_prog_cc_g=yes
ac_cv_prog_cc_stdc=
ac_cv_prog_cxx_g=yes
ac_cv_prog_egrep='grep -E'
ac_cv_prog_f77_g=no
ac_cv_prog_make_make_set=yes
ac_cv_search_sem_init='none required'
ac_cv_type_size_t=yes
am_cv_CC_dependencies_compiler_type=gcc3
am_cv_CXX_dependencies_compiler_type=gcc3
lt_cv_deplibs_check_method=pass_all
lt_cv_file_magic_cmd='$MAGIC_CMD'
lt_cv_file_magic_test_file=
lt_cv_ld_reload_flag=-r
lt_cv_objdir=.libs
lt_cv_path_LD=/Applications/Xcode.app/Contents/Developer/Toolchains/XcodeDefault.xctoolchain/usr/bin/ld
lt_cv_path_LDCXX=/Applications/Xcode.app/Contents/Developer/Toolchains/XcodeDefault.xctoolchain/usr/bin/ld
lt_cv_path_NM=/usr/bin/nm
lt_cv_path_SED=/usr/bin/sed
lt_cv_prog_compiler_c_o=yes
lt_cv_prog_compiler_c_o_CXX=yes
lt_cv_prog_compiler_rtti_exceptions=yes
lt_cv_prog_gnu_ld=no
lt_cv_prog_gnu_ldcxx=no
lt_cv_sys_global_symbol_pipe='sed -n -e '\''s/^.*[ 	]\([BCDEGRST][BCDEGRST]*\)[ 	][ 	]*_\([_A-Za-z][_A-Za-z0-9]*\)$/\1 _\2 \2/p'\'''
lt_cv_sys_global_symbol_to_c_name_address='sed -n -e '\''s/^: \([^ ]*\) $/  {\"\1\", (lt_ptr) 0},/p'\'' -e '\''s/^[BCDEGRST] \([^ ]*\) \([^ ]*\)$/  {"\2", (lt_ptr) \&\2},/p'\'''
lt_cv_sys_global_symbol_to_cdecl='sed -n -e '\''s/^. .* \(.*\)$/extern int \1;/p'\'''
lt_cv_sys_max_cmd_len=196608
lt_lt_cv_prog_compiler_c_o='"yes"'
lt_lt_cv_prog_compiler_c_o_CXX='"yes"'
lt_lt_cv_sys_global_symbol_pipe='"sed -n -e '\''s/^.*[ 	]\\([BCDEGRST][BCDEGRST]*\\)[ 	][ 	]*_\\([_A-Za-z][_A-Za-z0-9]*\\)\$/\\1 _\\2 \\2/p'\''"'
lt_lt_cv_sys_global_symbol_to_c_name_address='"sed -n -e '\''s/^: \\([^ ]*\\) \$/  {\\\"\\1\\\", (lt_ptr) 0},/p'\'' -e '\''s/^[BCDEGRST] \\([^ ]*\\) \\([^ ]*\\)\$/  {\"\\2\", (lt_ptr) \\&\\2},/p'\''"'
lt_lt_cv_sys_global_symbol_to_cdecl='"sed -n -e '\''s/^. .* \\(.*\\)\$/extern int \\1;/p'\''"'

## ----------------- ##
## Output variables. ##
## ----------------- ##

ACLOCAL='${SHELL} /Users/HPH/Documents/Farm/CS/148/Assignments_2014/hw2_all/ilmbase-2.0.0/missing --run aclocal-1.9'
AMDEPBACKSLASH='\'
AMDEP_FALSE='#'
AMDEP_TRUE=''
AMTAR='${SHELL} /Users/HPH/Documents/Farm/CS/148/Assignments_2014/hw2_all/ilmbase-2.0.0/missing --run tar'
AM_CFLAGS='-pipe'
AM_CXXFLAGS='-pipe'
AR='ar'
AUTOCONF='${SHELL} /Users/HPH/Documents/Farm/CS/148/Assignments_2014/hw2_all/ilmbase-2.0.0/missing --run autoconf'
AUTOHEADER='${SHELL} /Users/HPH/Documents/Farm/CS/148/Assignments_2014/hw2_all/ilmbase-2.0.0/missing --run autoheader'
AUTOMAKE='${SHELL} /Users/HPH/Documents/Farm/CS/148/Assignments_2014/hw2_all/ilmbase-2.0.0/missing --run automake-1.9'
AWK='awk'
CC='gcc'
CCDEPMODE='depmode=gcc3'
CFLAGS='-g -O2 -D_THREAD_SAFE '
CPP='gcc -E'
CPPFLAGS=''
CXX='g++'
CXXCPP='g++ -E'
CXXDEPMODE='depmode=gcc3'
CXXFLAGS='-g -O2 -D_THREAD_SAFE '
CYGPATH_W='echo'
DEFS='-DHAVE_CONFIG_H'
DEPDIR='.deps'
ECHO='/bin/echo'
ECHO_C='ECHO_N=''
ECHO_T=''
EGREP='grep -E'
EXEEXT=''
F77=''
FFLAGS=''
HAVE_UCONTEXT_H=''
ILMBASE_VERSION='2.0.0'
ILMBASE_VERSION_API='2_0'
ILMBASE_VERSION_MAJOR='2'
ILMBASE_VERSION_MINOR='0'
ILMBASE_VERSION_PATCH='0'
INSTALL_DATA='${INSTALL} -m 644'
INSTALL_PROGRAM='${INSTALL}'
INSTALL_SCRIPT='${INSTALL}'
INSTALL_STRIP_PROGRAM='${SHELL} $(install_sh) -c -s'
LDFLAGS=''
LIBOBJS=''
LIBS=' '
LIBTOOL='$(SHELL) $(top_builddir)/libtool'
LIBTOOL_VERSION='10:0:0'
LIB_SUFFIX='2_0'
LIB_SUFFIX_DASH='-2_0'
LIB_SUFFIX_EXISTS_FALSE='#'
LIB_SUFFIX_EXISTS_TRUE=''
LN_S='ln -s'
LTLIBOBJS=''
MAINT='#'
MAINTAINER_MODE_FALSE=''
MAINTAINER_MODE_TRUE='#'
MAKEINFO='${SHELL} /Users/HPH/Documents/Farm/CS/148/Assignments_2014/hw2_all/ilmbase-2.0.0/missing --run makeinfo'
OBJEXT='o'
PACKAGE='ilmbase'
PACKAGE_BUGREPORT=''
PACKAGE_NAME='IlmBase'
PACKAGE_STRING='IlmBase 2.0.0'
PACKAGE_TARNAME='ilmbase'
PACKAGE_VERSION='2.0.0'
PATH_SEPARATOR=':'
PTHREAD_CC='gcc'
PTHREAD_CFLAGS='-D_THREAD_SAFE '
PTHREAD_LIBS=''
RANLIB='ranlib'
SED='/usr/bin/sed'
SET_MAKE=''
SHELL='/bin/sh'
STRIP='strip'
VERSION='2.0.0'
ac_ct_AR='ar'
ac_ct_CC='gcc'
ac_ct_CXX='g++'
ac_ct_F77=''
ac_ct_RANLIB='ranlib'
ac_ct_STRIP='strip'
acx_pthread_config=''
am__fastdepCC_FALSE='#'
am__fastdepCC_TRUE=''
am__fastdepCXX_FALSE='#'
am__fastdepCXX_TRUE=''
am__include='include'
am__leading_dot='.'
am__quote=''
am__tar='${AMTAR} chof - "$$tardir"'
am__untar='${AMTAR} xf -'
bindir='${exec_prefix}/bin'
build='i686-apple-darwin13.2.0'
build_alias=''
build_cpu='i686'
build_os='darwin13.2.0'
build_vendor='apple'
datadir='${prefix}/share'
exec_prefix='${prefix}'
host='i686-apple-darwin13.2.0'
host_alias=''
host_cpu='i686'
host_os='darwin13.2.0'
host_vendor='apple'
includedir='${prefix}/include'
infodir='${prefix}/info'
install_sh='/Users/HPH/Documents/Farm/CS/148/Assignments_2014/hw2_all/ilmbase-2.0.0/install-sh'
libdir='${exec_prefix}/lib'
libexecdir='${exec_prefix}/libexec'
localstatedir='${prefix}/var'
mandir='${prefix}/man'
mkdir_p='$(install_sh) -d'
oldincludedir='/usr/include'
prefix='/usr/local'
program_transform_name='s,x,x,'
sbindir='${exec_prefix}/sbin'
sharedstatedir='${prefix}/com'
sysconfdir='${prefix}/etc'
target_alias=''

## ----------- ##
## confdefs.h. ##
## ----------- ##

#define HAVE_COMPLETE_IOMANIP 1
#define HAVE_DLFCN_H 1
#define HAVE_INTTYPES_H 1
#define HAVE_LIMITS_H 1
#define HAVE_MEMORY_H 1
#define HAVE_PTHREAD 1
#define HAVE_SEMAPHORE_H 1
#define HAVE_STDINT_H 1
#define HAVE_STDLIB_H 1
#define HAVE_STRERROR 1
#define HAVE_STRINGS_H 1
#define HAVE_STRING_H 1
#define HAVE_SYS_STAT_H 1
#define HAVE_SYS_TYPES_H 1
#define HAVE_UNISTD_H 1
#define HAVE_UNISTD_H 1
#define IEX_INTERNAL_NAMESPACE Iex_2_0
#define IEX_NAMESPACE Iex
#define ILMBASE_INTERNAL_NAMESPACE_CUSTOM 1
#define ILMBASE_PACKAGE_STRING "IlmBase 2.0.0"
#define ILMBASE_VERSION_MAJOR 2
#define ILMBASE_VERSION_MINOR 0
#define ILMBASE_VERSION_PATCH 0
#define ILMBASE_VERSION_STRING "2.0.0"
#define ILMTHREAD_INTERNAL_NAMESPACE IlmThread_2_0
#define ILMTHREAD_NAMESPACE IlmThread
#define IMATH_INTERNAL_NAMESPACE Imath_2_0
#define IMATH_NAMESPACE Imath
#define PACKAGE "ilmbase"
#define PACKAGE_BUGREPORT ""
#define PACKAGE_NAME "IlmBase"
#define PACKAGE_STRING "IlmBase 2.0.0"
#define PACKAGE_TARNAME "ilmbase"
#define PACKAGE_VERSION "2.0.0"
#define STDC_HEADERS 1
#define STDC_HEADERS 1
#define VERSION "2.0.0"
#endif
#ifdef __cplusplus
extern "C" void exit (int) throw ();

configure: exit 0
